Attaching 11 probes...
Hit Ctrl-C to end.




@read_ns[6]: 24200
@read_ns[7]: 24655
@read_ns[4]: 25039
@read_ns[5]: 25303
@read_ns[3]: 25307
@read_ns[1]: 25758
@read_ns[2]: 25854
@read_ns[8]: 26015
@write_ns[7]: 43663
@write_ns[8]: 45096
@write_ns[6]: 46499
@write_ns[4]: 47039
@write_ns[3]: 47155
@write_ns[9]: 48102
@write_ns[2]: 49845
@write_ns[5]: 50127
@write_ns[1]: 105755
@open_ns[7]: 53044
@open_ns[3]: 53249
@open_ns[5]: 53694
@open_ns[6]: 54025
@open_ns[4]: 54874
@open_ns[2]: 55026
@open_ns[8]: 55350
@open_ns[1]: 68674
@close_ns[3]: 55626
@close_ns[6]: 56400
@close_ns[4]: 57361
@close_ns[7]: 58033
@close_ns[5]: 58909
@close_ns[2]: 59985
@close_ns[1]: 63548
@read_ns[12]: 23065
@read_ns[13]: 23327
@read_ns[16]: 23382
@read_ns[14]: 24094
@read_ns[9]: 24111
@read_ns[10]: 24239
@read_ns[17]: 24591
@read_ns[15]: 24665
@read_ns[11]: 24971
@write_ns[11]: 44523
@write_ns[12]: 44553
@write_ns[10]: 44767
@write_ns[15]: 44808
@write_ns[13]: 45946
@write_ns[14]: 46019
@write_ns[16]: 46281
@write_ns[17]: 46359
@write_ns[18]: 46965
@write_ns[19]: 47532
@open_ns[10]: 52320
@open_ns[14]: 53207
@open_ns[12]: 53627
@open_ns[15]: 54169
@open_ns[16]: 54728
@open_ns[18]: 55403
@open_ns[11]: 55766
@open_ns[13]: 55864
@open_ns[17]: 56169
@open_ns[9]: 58403
@close_ns[10]: 54424
@close_ns[11]: 55889
@close_ns[9]: 56658
@close_ns[14]: 57309
@close_ns[15]: 57674
@close_ns[12]: 58229
@close_ns[16]: 59432
@close_ns[17]: 60709
@close_ns[8]: 62426
@close_ns[13]: 67922
@read_ns[19]: 21735
@read_ns[23]: 22442
@read_ns[20]: 22453
@read_ns[25]: 22786
@read_ns[21]: 22944
@read_ns[24]: 23171
@read_ns[26]: 23337
@read_ns[18]: 23891
@read_ns[22]: 24251
@read_ns[27]: 31371
@write_ns[22]: 43185
@write_ns[23]: 43687
@write_ns[21]: 43776
@write_ns[27]: 44085
@write_ns[20]: 44665
@write_ns[25]: 45010
@write_ns[26]: 45417
@write_ns[24]: 55319
@write_ns[28]: 56476
@open_ns[20]: 51454
@open_ns[22]: 52718
@open_ns[21]: 54033
@open_ns[26]: 54471
@open_ns[25]: 54754
@open_ns[23]: 55879
@open_ns[19]: 57619
@open_ns[28]: 57933
@open_ns[24]: 60213
@open_ns[27]: 64318
@close_ns[23]: 54818
@close_ns[21]: 56329
@close_ns[26]: 57166
@close_ns[20]: 57208
@close_ns[19]: 57402
@close_ns[24]: 57499
@close_ns[25]: 58027
@close_ns[22]: 58278
@close_ns[18]: 63725
@close_ns[27]: 68317
@read_ns[32]: 22426
@read_ns[36]: 23855
@read_ns[31]: 23912
@read_ns[30]: 24122
@read_ns[28]: 24558
@read_ns[33]: 24927
@read_ns[35]: 24938
@read_ns[37]: 26798
@read_ns[34]: 31893
@read_ns[29]: 35979
@write_ns[29]: 41090
@write_ns[33]: 43345
@write_ns[35]: 43955
@write_ns[36]: 44280
@write_ns[37]: 44375
@write_ns[34]: 44437
@write_ns[38]: 44937
@write_ns[32]: 46351
@write_ns[31]: 46822
@write_ns[30]: 76467
@open_ns[33]: 50914
@open_ns[36]: 51171
@open_ns[35]: 51998
@open_ns[34]: 52200
@open_ns[32]: 52761
@open_ns[31]: 53482
@open_ns[37]: 53728
@open_ns[30]: 59727
@open_ns[29]: 87841
@close_ns[31]: 55726
@close_ns[33]: 56313
@close_ns[32]: 56319
@close_ns[35]: 56889
@close_ns[36]: 57531
@close_ns[30]: 58085
@close_ns[29]: 70789
@close_ns[34]: 71210
@close_ns[28]: 73157
@read_ns[43]: 23589
@read_ns[42]: 24333
@read_ns[39]: 24449
@read_ns[41]: 24458
@read_ns[38]: 24660
@read_ns[45]: 24849
@read_ns[46]: 25145
@read_ns[44]: 25178
@read_ns[40]: 41328
@write_ns[43]: 44134
@write_ns[42]: 44509
@write_ns[39]: 44619
@write_ns[47]: 44651
@write_ns[40]: 45453
@write_ns[45]: 45790
@write_ns[41]: 46300
@write_ns[46]: 47038
@write_ns[48]: 48674
@write_ns[44]: 61233
@open_ns[45]: 52092
@open_ns[42]: 52826
@open_ns[39]: 53224
@open_ns[38]: 53393
@open_ns[43]: 53977
@open_ns[44]: 54061
@open_ns[46]: 54122
@open_ns[40]: 54170
@open_ns[41]: 56880
@open_ns[47]: 58207
@close_ns[37]: 54981
@close_ns[41]: 55132
@close_ns[44]: 55729
@close_ns[43]: 56812
@close_ns[42]: 57022
@close_ns[45]: 57200
@close_ns[40]: 57286
@close_ns[39]: 58813
@close_ns[38]: 59962
@close_ns[46]: 60079
@read_ns[56]: 21935
@read_ns[47]: 22883
@read_ns[55]: 23043
@read_ns[52]: 23379
@read_ns[50]: 23609
@read_ns[53]: 23972
@read_ns[51]: 24376
@read_ns[54]: 24620
@read_ns[49]: 25925
@read_ns[48]: 26950
@write_ns[56]: 43791
@write_ns[57]: 44394
@write_ns[54]: 44595
@write_ns[51]: 44952
@write_ns[50]: 45269
@write_ns[55]: 46215
@write_ns[49]: 46580
@write_ns[52]: 46788
@write_ns[53]: 113786
@open_ns[55]: 51733
@open_ns[50]: 53304
@open_ns[51]: 53756
@open_ns[54]: 53904
@open_ns[53]: 54294
@open_ns[49]: 54335
@open_ns[48]: 54438
@open_ns[56]: 54590
@open_ns[57]: 57206
@open_ns[52]: 223580
@close_ns[54]: 52522
@close_ns[55]: 55364
@close_ns[49]: 56469
@close_ns[51]: 57575
@close_ns[47]: 59120
@close_ns[48]: 60152
@close_ns[56]: 60532
@close_ns[50]: 62459
@close_ns[53]: 67713
@close_ns[52]: 85885
@read_ns[58]: 21984
@read_ns[60]: 22792
@read_ns[59]: 23063
@read_ns[63]: 23244
@read_ns[66]: 23869
@read_ns[61]: 24160
@read_ns[65]: 24172
@read_ns[64]: 24456
@read_ns[62]: 24645
@read_ns[57]: 30791
@write_ns[58]: 41124
@write_ns[65]: 42808
@write_ns[61]: 44337
@write_ns[67]: 44628
@write_ns[64]: 44844
@write_ns[63]: 45146
@write_ns[66]: 45267
@write_ns[60]: 45783
@write_ns[59]: 46223
@write_ns[62]: 47018
@open_ns[66]: 52270
@open_ns[60]: 53097
@open_ns[59]: 53663
@open_ns[58]: 53797
@open_ns[63]: 55129
@open_ns[64]: 56612
@open_ns[65]: 57005
@open_ns[62]: 57069
@open_ns[61]: 62650
@close_ns[57]: 57492
@close_ns[63]: 57914
@close_ns[61]: 58290
@close_ns[59]: 58346
@close_ns[60]: 58595
@close_ns[65]: 58672
@close_ns[62]: 59720
@close_ns[66]: 59906
@close_ns[58]: 62898
@close_ns[64]: 63937
@read_ns[75]: 23591
@read_ns[69]: 24261
@read_ns[73]: 24905
@read_ns[71]: 25094
@read_ns[68]: 25307
@read_ns[74]: 25803
@read_ns[72]: 25850
@read_ns[70]: 26517
@read_ns[76]: 26908
@read_ns[67]: 37585
@write_ns[75]: 42752
@write_ns[72]: 43021
@write_ns[70]: 43473
@write_ns[76]: 44346
@write_ns[73]: 44408
@write_ns[77]: 44557
@write_ns[71]: 44574
@write_ns[69]: 45590
@write_ns[74]: 47747
@write_ns[68]: 49748
@open_ns[74]: 50957
@open_ns[73]: 52124
@open_ns[75]: 52325
@open_ns[70]: 53605
@open_ns[69]: 54482
@open_ns[72]: 54891
@open_ns[71]: 55878
@open_ns[68]: 56362
@open_ns[67]: 64075
@open_ns[76]: 92546
@close_ns[73]: 55270
@close_ns[68]: 57804
@close_ns[75]: 57826
@close_ns[71]: 59439
@close_ns[72]: 60080
@close_ns[74]: 60083
@close_ns[69]: 60129
@close_ns[70]: 60661
@close_ns[67]: 62906
@read_ns[85]: 24122
@read_ns[79]: 24528
@read_ns[77]: 24789
@read_ns[84]: 25418
@read_ns[82]: 25597
@read_ns[80]: 26218
@read_ns[81]: 26441
@read_ns[78]: 26565
@read_ns[83]: 45638
@write_ns[80]: 44115
@write_ns[79]: 44190
@write_ns[86]: 45552
@write_ns[81]: 46073
@write_ns[84]: 46230
@write_ns[78]: 46753
@write_ns[85]: 46834
@write_ns[83]: 47631
@write_ns[87]: 50488
@write_ns[82]: 59358
@open_ns[84]: 51871
@open_ns[78]: 52412
@open_ns[80]: 52866
@open_ns[79]: 53386
@open_ns[82]: 53998
@open_ns[81]: 54838
@open_ns[83]: 55756
@open_ns[85]: 57557
@open_ns[77]: 58813
@open_ns[86]: 63025
@close_ns[79]: 57001
@close_ns[78]: 57826
@close_ns[76]: 58245
@close_ns[84]: 58981
@close_ns[85]: 59004
@close_ns[77]: 59124
@close_ns[81]: 59589
@close_ns[82]: 59623
@close_ns[80]: 60675
@close_ns[83]: 60797
@read_ns[93]: 22660
@read_ns[94]: 23679
@read_ns[95]: 24196
@read_ns[91]: 24576
@read_ns[87]: 24980
@read_ns[92]: 25127
@read_ns[90]: 25519
@read_ns[86]: 25583
@read_ns[88]: 26056
@read_ns[89]: 26127
@write_ns[95]: 45363
@write_ns[93]: 45603
@write_ns[94]: 45727
@write_ns[91]: 46957
@write_ns[89]: 47015
@write_ns[92]: 47293
@write_ns[88]: 48119
@write_ns[90]: 48168
@write_ns[96]: 51571
@open_ns[88]: 53676
@open_ns[91]: 54106
@open_ns[92]: 55092
@open_ns[95]: 55525
@open_ns[90]: 55624
@open_ns[93]: 55879
@open_ns[89]: 56183
@open_ns[94]: 56535
@open_ns[96]: 56801
@open_ns[87]: 58645
@close_ns[91]: 57527
@close_ns[95]: 57994
@close_ns[93]: 58068
@close_ns[94]: 58754
@close_ns[90]: 58822
@close_ns[92]: 59577
@close_ns[87]: 59994
@close_ns[88]: 60185
@close_ns[89]: 60228
@close_ns[86]: 64374
@read_ns[101]: 21035
@read_ns[99]: 22466
@read_ns[103]: 22746
@read_ns[105]: 23470
@read_ns[97]: 23534
@read_ns[96]: 24180
@read_ns[98]: 24526
@read_ns[104]: 24851
@read_ns[102]: 25891
@read_ns[100]: 30175
@write_ns[106]: 42427
@write_ns[100]: 44812
@write_ns[102]: 45472
@write_ns[97]: 45760
@write_ns[99]: 45779
@write_ns[101]: 46144
@write_ns[104]: 46290
@write_ns[98]: 46622
@write_ns[105]: 46731
@write_ns[103]: 49261
@open_ns[100]: 53437
@open_ns[105]: 53499
@open_ns[103]: 53794
@open_ns[102]: 54804
@open_ns[101]: 54994
@open_ns[97]: 55176
@open_ns[99]: 55986
@open_ns[98]: 56031
@open_ns[104]: 56371
@close_ns[103]: 55999
@close_ns[99]: 58818
@close_ns[101]: 58879
@close_ns[97]: 59347
@close_ns[100]: 59458
@close_ns[98]: 59497
@close_ns[105]: 59541
@close_ns[96]: 59580
@close_ns[104]: 62800
@close_ns[102]: 62850
@read_ns[111]: 22793
@read_ns[110]: 23060
@read_ns[112]: 23282
@read_ns[107]: 23500
@read_ns[106]: 24004
@read_ns[109]: 24018
@read_ns[108]: 24200
@read_ns[114]: 24826
@read_ns[115]: 25256
@read_ns[113]: 26479
@write_ns[107]: 41909
@write_ns[108]: 43336
@write_ns[110]: 43429
@write_ns[114]: 44151
@write_ns[112]: 44440
@write_ns[109]: 44894
@write_ns[116]: 45100
@write_ns[113]: 45716
@write_ns[111]: 46276
@write_ns[115]: 55916
@open_ns[113]: 52905
@open_ns[107]: 53128
@open_ns[110]: 53256
@open_ns[109]: 54564
@open_ns[106]: 54848
@open_ns[112]: 55127
@open_ns[108]: 55152
@open_ns[115]: 55310
@open_ns[111]: 55676
@open_ns[114]: 55688
@close_ns[112]: 57102
@close_ns[107]: 57245
@close_ns[109]: 57979
@close_ns[114]: 58242
@close_ns[111]: 59016
@close_ns[113]: 59698
@close_ns[108]: 60244
@close_ns[106]: 60575
@close_ns[110]: 61935
@read_ns[117]: 23661
@read_ns[123]: 23686
@read_ns[124]: 24262
@read_ns[116]: 24370
@read_ns[122]: 24512
@read_ns[119]: 24527
@read_ns[118]: 24690
@read_ns[120]: 24755
@read_ns[121]: 25412
@write_ns[120]: 41879
@write_ns[122]: 43924
@write_ns[118]: 44803
@write_ns[117]: 44857
@write_ns[124]: 45003
@write_ns[121]: 45796
@write_ns[119]: 45892
@write_ns[123]: 46228
@write_ns[125]: 47122
@write_ns[126]: 47970
@open_ns[117]: 53187
@open_ns[116]: 53567
@open_ns[118]: 53809
@open_ns[119]: 54136
@open_ns[120]: 54242
@open_ns[124]: 54878
@open_ns[123]: 55150
@open_ns[121]: 56390
@open_ns[122]: 56741
@open_ns[125]: 57923
@close_ns[123]: 55846
@close_ns[118]: 56733
@close_ns[115]: 56740
@close_ns[121]: 56929
@close_ns[117]: 57254
@close_ns[119]: 58015
@close_ns[116]: 58266
@close_ns[120]: 59162
@close_ns[122]: 60254
@close_ns[124]: 61686
@read_ns[134]: 22976
@read_ns[131]: 23080
@read_ns[133]: 23842
@read_ns[130]: 23922
@read_ns[125]: 24167
@read_ns[126]: 24943
@read_ns[129]: 30174
@read_ns[132]: 30885
@read_ns[128]: 33011
@read_ns[127]: 39167
@write_ns[134]: 44156
@write_ns[132]: 45000
@write_ns[133]: 45562
@write_ns[127]: 45749
@write_ns[131]: 48465
@write_ns[135]: 49775
@write_ns[130]: 57171
@write_ns[129]: 58387
@write_ns[128]: 64599
@open_ns[133]: 53702
@open_ns[131]: 54624
@open_ns[132]: 55265
@open_ns[126]: 55557
@open_ns[134]: 56325
@open_ns[130]: 59997
@open_ns[129]: 60302
@open_ns[128]: 61408
@open_ns[127]: 75807
@close_ns[131]: 54158
@close_ns[130]: 56440
@close_ns[133]: 57562
@close_ns[132]: 58465
@close_ns[125]: 60688
@close_ns[129]: 67035
@close_ns[128]: 67248
@close_ns[134]: 69786
@close_ns[127]: 76796
@close_ns[126]: 83875
@read_ns[141]: 22199
@read_ns[138]: 22386
@read_ns[143]: 22388
@read_ns[142]: 23211
@read_ns[139]: 23915
@read_ns[135]: 23938
@read_ns[140]: 23978
@read_ns[137]: 24144
@read_ns[144]: 24569
@read_ns[136]: 24845
@write_ns[140]: 40597
@write_ns[142]: 41965
@write_ns[139]: 42663
@write_ns[141]: 42765
@write_ns[143]: 42985
@write_ns[144]: 43034
@write_ns[136]: 43206
@write_ns[138]: 43228
@write_ns[145]: 43596
@write_ns[137]: 54225
@open_ns[141]: 51726
@open_ns[143]: 52437
@open_ns[139]: 53316
@open_ns[135]: 55237
@open_ns[144]: 55364
@open_ns[137]: 55560
@open_ns[140]: 55764
@open_ns[142]: 57928
@open_ns[138]: 66338
@open_ns[136]: 88380
@close_ns[135]: 57219
@close_ns[143]: 57723
@close_ns[141]: 58351
@close_ns[138]: 58995
@close_ns[142]: 59264
@close_ns[140]: 59366
@close_ns[139]: 59794
@close_ns[137]: 59848
@close_ns[136]: 61198
@read_ns[146]: 23273
@read_ns[152]: 23879
@read_ns[149]: 24077
@read_ns[147]: 24376
@read_ns[145]: 24392
@read_ns[150]: 24535
@read_ns[148]: 24730
@read_ns[151]: 24924
@read_ns[153]: 25138
@write_ns[147]: 42350
@write_ns[148]: 42394
@write_ns[146]: 43632
@write_ns[153]: 43895
@write_ns[154]: 43973
@write_ns[151]: 44814
@write_ns[150]: 44905
@write_ns[149]: 45236
@write_ns[152]: 45555
@write_ns[155]: 45683
@open_ns[153]: 52992
@open_ns[151]: 53006
@open_ns[145]: 54077
@open_ns[146]: 54457
@open_ns[148]: 54495
@open_ns[149]: 54576
@open_ns[152]: 55326
@open_ns[147]: 55474
@open_ns[154]: 56343
@open_ns[150]: 58173
@close_ns[146]: 56431
@close_ns[149]: 56625
@close_ns[152]: 56855
@close_ns[148]: 56932
@close_ns[151]: 57790
@close_ns[150]: 58323
@close_ns[145]: 58413
@close_ns[144]: 58884
@close_ns[147]: 59014
@close_ns[153]: 59706
@read_ns[158]: 23145
@read_ns[160]: 23193
@read_ns[155]: 23983
@read_ns[154]: 24574
@read_ns[162]: 24845
@read_ns[157]: 24983
@read_ns[161]: 25195
@read_ns[156]: 25881
@read_ns[163]: 26522
@read_ns[159]: 41358
@write_ns[164]: 43254
@write_ns[162]: 44696
@write_ns[159]: 45798
@write_ns[158]: 46261
@write_ns[161]: 46878
@write_ns[156]: 46970
@write_ns[163]: 48146
@write_ns[157]: 48772
@write_ns[160]: 50303
@open_ns[161]: 52124
@open_ns[163]: 54677
@open_ns[158]: 55440
@open_ns[157]: 55542
@open_ns[155]: 55722
@open_ns[160]: 56507
@open_ns[164]: 56534
@open_ns[159]: 56646
@open_ns[156]: 62615
@open_ns[162]: 69916
@close_ns[162]: 57759
@close_ns[161]: 58085
@close_ns[157]: 58135
@close_ns[160]: 58318
@close_ns[154]: 58372
@close_ns[163]: 58787
@close_ns[158]: 59076
@close_ns[156]: 60282
@close_ns[159]: 61240
@close_ns[155]: 76137
@read_ns[164]: 23826
@read_ns[173]: 24114
@read_ns[165]: 24540
@read_ns[172]: 25020
@read_ns[170]: 25380
@read_ns[171]: 25459
@read_ns[169]: 25610
@read_ns[167]: 25885
@read_ns[168]: 26520
@read_ns[166]: 40041
@write_ns[165]: 42575
@write_ns[171]: 44258
@write_ns[166]: 44678
@write_ns[172]: 45502
@write_ns[173]: 45619
@write_ns[170]: 45843
@write_ns[168]: 45953
@write_ns[174]: 46109
@write_ns[167]: 46972
@write_ns[169]: 49426
@open_ns[173]: 53509
@open_ns[165]: 53526
@open_ns[169]: 54054
@open_ns[170]: 54205
@open_ns[167]: 54789
@open_ns[171]: 54985
@open_ns[172]: 55778
@open_ns[168]: 56558
@open_ns[166]: 57819
@close_ns[165]: 55613
@close_ns[164]: 57624
@close_ns[170]: 57842
@close_ns[172]: 58406
@close_ns[166]: 58971
@close_ns[169]: 59176
@close_ns[167]: 59282
@close_ns[168]: 59401
@close_ns[171]: 59595
@close_ns[173]: 61278
@read_ns[174]: 20796
@read_ns[180]: 22216
@read_ns[178]: 22739
@read_ns[182]: 22954
@read_ns[177]: 23195
@read_ns[175]: 23224
@read_ns[176]: 23619
@read_ns[179]: 24250
@read_ns[183]: 24729
@read_ns[181]: 31789
@write_ns[184]: 42592
@write_ns[183]: 43333
@write_ns[179]: 43430
@write_ns[176]: 43822
@write_ns[175]: 43841
@write_ns[177]: 44896
@write_ns[180]: 45191
@write_ns[182]: 45864
@write_ns[178]: 46342
@write_ns[181]: 54474
@open_ns[176]: 50631
@open_ns[178]: 52599
@open_ns[181]: 52679
@open_ns[183]: 53384
@open_ns[175]: 53397
@open_ns[182]: 53596
@open_ns[180]: 54586
@open_ns[179]: 54874
@open_ns[177]: 55285
@open_ns[174]: 55374
@close_ns[182]: 56389
@close_ns[178]: 56737
@close_ns[180]: 57603
@close_ns[174]: 57937
@close_ns[176]: 59206
@close_ns[179]: 59933
@close_ns[177]: 60014
@close_ns[181]: 63151
@close_ns[175]: 67837
@read_ns[184]: 22542
@read_ns[185]: 23669
@read_ns[191]: 26279
@read_ns[187]: 26468
@read_ns[192]: 26695
@read_ns[188]: 26812
@read_ns[189]: 26848
@read_ns[186]: 26976
@read_ns[190]: 27427
@write_ns[186]: 41043
@write_ns[185]: 43110
@write_ns[194]: 43755
@write_ns[189]: 44999
@write_ns[188]: 46298
@write_ns[192]: 48166
@write_ns[190]: 48189
@write_ns[193]: 48653
@write_ns[191]: 48942
@write_ns[187]: 49411
@open_ns[185]: 53256
@open_ns[192]: 55925
@open_ns[184]: 56851
@open_ns[191]: 57397
@open_ns[193]: 57867
@open_ns[187]: 58425
@open_ns[188]: 58433
@open_ns[189]: 58545
@open_ns[186]: 66906
@open_ns[190]: 71489
@close_ns[184]: 57051
@close_ns[192]: 58201
@close_ns[190]: 58480
@close_ns[191]: 59377
@close_ns[186]: 62266
@close_ns[187]: 62283
@close_ns[189]: 62317
@close_ns[188]: 63337
@close_ns[185]: 73059
@close_ns[183]: 83142
@read_ns[193]: 24709
@read_ns[198]: 24732
@read_ns[197]: 24824
@read_ns[202]: 25139
@read_ns[200]: 25400
@read_ns[201]: 25630
@read_ns[199]: 25685
@read_ns[196]: 26466
@read_ns[195]: 27055
@read_ns[194]: 27586
@write_ns[195]: 45133
@write_ns[198]: 45177
@write_ns[200]: 46177
@write_ns[199]: 46312
@write_ns[202]: 46574
@write_ns[196]: 46999
@write_ns[197]: 47331
@write_ns[203]: 48233
@write_ns[201]: 48768
@open_ns[197]: 54443
@open_ns[199]: 54615
@open_ns[201]: 56077
@open_ns[200]: 56225
@open_ns[203]: 56985
@open_ns[196]: 57440
@open_ns[194]: 57731
@open_ns[195]: 57888
@open_ns[198]: 59161
@open_ns[202]: 65388
@close_ns[193]: 57595
@close_ns[198]: 58329
@close_ns[196]: 58776
@close_ns[200]: 59416
@close_ns[194]: 59767
@close_ns[197]: 62212
@close_ns[195]: 62346
@close_ns[201]: 62929
@close_ns[202]: 62976
@close_ns[199]: 64632
@read_ns[209]: 22809
@read_ns[203]: 25141
@read_ns[205]: 25541
@read_ns[210]: 25580
@read_ns[211]: 25905
@read_ns[212]: 26109
@read_ns[208]: 26294
@read_ns[207]: 26333
@read_ns[206]: 27609
@read_ns[204]: 31188
@write_ns[204]: 41424
@write_ns[210]: 45365
@write_ns[206]: 46241
@write_ns[205]: 46577
@write_ns[209]: 46705
@write_ns[207]: 46791
@write_ns[212]: 47030
@write_ns[211]: 47303
@write_ns[213]: 48968
@write_ns[208]: 59492
@open_ns[210]: 53569
@open_ns[207]: 55848
@open_ns[208]: 56559
@open_ns[206]: 56994
@open_ns[209]: 57077
@open_ns[211]: 57277
@open_ns[205]: 59519
@open_ns[212]: 59625
@open_ns[204]: 83303
@close_ns[203]: 58494
@close_ns[206]: 58932
@close_ns[208]: 60571
@close_ns[212]: 60705
@close_ns[207]: 60807
@close_ns[209]: 61579
@close_ns[211]: 62628
@close_ns[205]: 62783
@close_ns[204]: 65259
@close_ns[210]: 73737
@read_ns[219]: 23369
@read_ns[213]: 23790
@read_ns[220]: 23812
@read_ns[216]: 24699
@read_ns[222]: 24799
@read_ns[221]: 25305
@read_ns[215]: 26378
@read_ns[218]: 27152
@read_ns[214]: 27436
@read_ns[217]: 28215
@write_ns[223]: 42923
@write_ns[222]: 43163
@write_ns[214]: 46227
@write_ns[215]: 47768
@write_ns[218]: 48527
@write_ns[217]: 48766
@write_ns[221]: 57758
@write_ns[216]: 61417
@write_ns[220]: 68044
@write_ns[219]: 80218
@open_ns[222]: 53667
@open_ns[215]: 54245
@open_ns[221]: 56741
@open_ns[217]: 56763
@open_ns[213]: 56881
@open_ns[216]: 58590
@open_ns[214]: 59924
@open_ns[219]: 69087
@open_ns[218]: 72841
@open_ns[220]: 75048
@close_ns[221]: 57984
@close_ns[214]: 58365
@close_ns[215]: 59365
@close_ns[216]: 59434
@close_ns[213]: 60322
@close_ns[220]: 60424
@close_ns[218]: 65001
@close_ns[219]: 78822
@close_ns[217]: 79521
@read_ns[229]: 23570
@read_ns[231]: 23724
@read_ns[223]: 24003
@read_ns[227]: 24761
@read_ns[226]: 25065
@read_ns[228]: 25521
@read_ns[225]: 26593
@read_ns[230]: 31804
@read_ns[224]: 34853
@write_ns[228]: 42884
@write_ns[224]: 44540
@write_ns[229]: 45245
@write_ns[227]: 45271
@write_ns[230]: 46240
@write_ns[231]: 46523
@write_ns[232]: 47156
@write_ns[225]: 47259
@write_ns[226]: 48747
@write_ns[233]: 49081
@open_ns[223]: 52174
@open_ns[224]: 52236
@open_ns[230]: 53469
@open_ns[227]: 53947
@open_ns[231]: 54769
@open_ns[232]: 55231
@open_ns[228]: 55676
@open_ns[229]: 56201
@open_ns[226]: 57678
@open_ns[225]: 69259
@close_ns[222]: 54336
@close_ns[223]: 56846
@close_ns[228]: 58525
@close_ns[226]: 58734
@close_ns[229]: 58739
@close_ns[227]: 58935
@close_ns[230]: 60229
@close_ns[231]: 60347
@close_ns[225]: 62479
@close_ns[224]: 89687
@read_ns[233]: 24447
@read_ns[238]: 24529
@read_ns[235]: 25031
@read_ns[239]: 25093
@read_ns[240]: 25261
@read_ns[232]: 25360
@read_ns[234]: 25648
@read_ns[236]: 26310
@read_ns[237]: 26441
@read_ns[241]: 27402
@write_ns[241]: 45256
@write_ns[236]: 46818
@write_ns[237]: 46877
@write_ns[240]: 46892
@write_ns[238]: 47767
@write_ns[235]: 47785
@write_ns[239]: 48000
@write_ns[234]: 48189
@write_ns[242]: 64518
@open_ns[237]: 54028
@open_ns[239]: 55114
@open_ns[238]: 55539
@open_ns[240]: 56110
@open_ns[235]: 56246
@open_ns[241]: 56749
@open_ns[236]: 57358
@open_ns[242]: 57508
@open_ns[234]: 61677
@open_ns[233]: 62624
@close_ns[236]: 58474
@close_ns[233]: 60549
@close_ns[239]: 60894
@close_ns[232]: 61273
@close_ns[241]: 61414
@close_ns[238]: 61522
@close_ns[237]: 61802
@close_ns[235]: 62057
@close_ns[240]: 62483
@close_ns[234]: 62661
@read_ns[242]: 23716
@read_ns[246]: 24389
@read_ns[247]: 24643
@read_ns[244]: 25597
@read_ns[248]: 25860
@read_ns[243]: 26039
@read_ns[245]: 26077
@read_ns[251]: 26611
@read_ns[250]: 27398
@read_ns[249]: 28464
@write_ns[243]: 45214
@write_ns[245]: 45451
@write_ns[247]: 47431
@write_ns[249]: 47470
@write_ns[244]: 47538
@write_ns[251]: 48408
@write_ns[250]: 48434
@write_ns[248]: 49910
@write_ns[246]: 50362
@write_ns[252]: 51923
@open_ns[249]: 55491
@open_ns[245]: 55781
@open_ns[244]: 57184
@open_ns[250]: 57449
@open_ns[243]: 57530
@open_ns[247]: 58068
@open_ns[246]: 59507
@open_ns[251]: 61185
@open_ns[248]: 71960
@close_ns[244]: 58231
@close_ns[242]: 59724
@close_ns[243]: 60351
@close_ns[248]: 61270
@close_ns[249]: 61303
@close_ns[246]: 62365
@close_ns[247]: 62567
@close_ns[250]: 63241
@close_ns[251]: 64203
@close_ns[245]: 65287
@read_ns[256]: 22674
@read_ns[260]: 22965
@read_ns[258]: 23654
@read_ns[257]: 24166
@read_ns[261]: 24701
@read_ns[255]: 25393
@read_ns[259]: 25632
@read_ns[254]: 26374
@read_ns[253]: 26418
@read_ns[252]: 26908
@write_ns[257]: 46447
@write_ns[253]: 46498
@write_ns[259]: 46891
@write_ns[255]: 48438
@write_ns[262]: 49703
@write_ns[258]: 50034
@write_ns[254]: 50231
@write_ns[256]: 51159
@write_ns[260]: 53592
@write_ns[261]: 55439
@open_ns[258]: 54830
@open_ns[259]: 55858
@open_ns[260]: 56685
@open_ns[261]: 57461
@open_ns[254]: 57807
@open_ns[256]: 57905
@open_ns[255]: 57966
@open_ns[253]: 58722
@open_ns[252]: 60560
@open_ns[257]: 66183
@close_ns[256]: 60441
@close_ns[258]: 60870
@close_ns[257]: 61151
@close_ns[252]: 61917
@close_ns[255]: 62354
@close_ns[254]: 62644
@close_ns[259]: 63522
@close_ns[253]: 63535
@close_ns[260]: 69072
@read_ns[267]: 23394
@read_ns[262]: 23458
@read_ns[265]: 23633
@read_ns[263]: 23709
@read_ns[266]: 24264
@read_ns[264]: 24455
@read_ns[269]: 25996
@read_ns[268]: 26211
@read_ns[271]: 26704
@read_ns[270]: 26948
@write_ns[271]: 47047
@write_ns[267]: 47155
@write_ns[263]: 47765
@write_ns[272]: 50604
@write_ns[270]: 51498
@write_ns[269]: 52446
@write_ns[265]: 52960
@write_ns[264]: 53293
@write_ns[268]: 57063
@write_ns[266]: 74084
@open_ns[265]: 55433
@open_ns[266]: 56504
@open_ns[268]: 56609
@open_ns[269]: 56844
@open_ns[263]: 57016
@open_ns[262]: 57719
@open_ns[271]: 57873
@open_ns[270]: 58055
@open_ns[264]: 58721
@open_ns[267]: 61423
@close_ns[265]: 57437
@close_ns[270]: 58339
@close_ns[264]: 58976
@close_ns[261]: 59003
@close_ns[263]: 60260
@close_ns[268]: 60471
@close_ns[267]: 60911
@close_ns[266]: 61022
@close_ns[269]: 61371
@close_ns[262]: 70574
@read_ns[275]: 23654
@read_ns[277]: 23708
@read_ns[276]: 24171
@read_ns[273]: 24570
@read_ns[280]: 24576
@read_ns[272]: 24862
@read_ns[278]: 25283
@read_ns[279]: 26164
@read_ns[274]: 28062
@write_ns[279]: 45137
@write_ns[278]: 46661
@write_ns[274]: 47142
@write_ns[273]: 48675
@write_ns[281]: 49136
@write_ns[277]: 49603
@write_ns[282]: 51160
@write_ns[280]: 52372
@write_ns[276]: 53348
@write_ns[275]: 61196
@open_ns[277]: 54871
@open_ns[276]: 56777
@open_ns[273]: 57819
@open_ns[279]: 58887
@open_ns[281]: 58906
@open_ns[278]: 59339
@open_ns[275]: 60059
@open_ns[280]: 60117
@open_ns[274]: 70337
@open_ns[272]: 71514
@close_ns[272]: 58956
@close_ns[278]: 59534
@close_ns[276]: 59814
@close_ns[277]: 60256
@close_ns[271]: 60897
@close_ns[275]: 62177
@close_ns[273]: 62918
@close_ns[274]: 63292
@close_ns[280]: 63585
@close_ns[279]: 67879
@read_ns[282]: 24830
@read_ns[284]: 25253
@read_ns[285]: 25272
@read_ns[283]: 25856
@read_ns[288]: 27441
@read_ns[290]: 28314
@read_ns[289]: 28812
@read_ns[287]: 29079
@read_ns[286]: 30893
@read_ns[281]: 36446
@write_ns[283]: 45899
@write_ns[286]: 48062
@write_ns[291]: 50696
@write_ns[290]: 51444
@write_ns[285]: 51537
@write_ns[287]: 55050
@write_ns[288]: 56624
@write_ns[289]: 56898
@write_ns[284]: 66045
@open_ns[285]: 57024
@open_ns[282]: 58522
@open_ns[283]: 58802
@open_ns[289]: 59048
@open_ns[284]: 59665
@open_ns[288]: 61905
@open_ns[290]: 62312
@open_ns[291]: 62854
@open_ns[287]: 64197
@open_ns[286]: 66496
@close_ns[282]: 60220
@close_ns[281]: 61175
@close_ns[284]: 62169
@close_ns[283]: 62632
@close_ns[289]: 63915
@close_ns[288]: 65782
@close_ns[287]: 67831
@close_ns[286]: 68464
@close_ns[285]: 75968
@close_ns[290]: 88819
@read_ns[296]: 25271
@read_ns[291]: 25866
@read_ns[300]: 25966
@read_ns[297]: 26423
@read_ns[298]: 26559
@read_ns[293]: 26904
@read_ns[295]: 27104
@read_ns[299]: 27775
@read_ns[294]: 28560
@read_ns[292]: 29231
@write_ns[297]: 50090
@write_ns[299]: 50326
@write_ns[298]: 50616
@write_ns[292]: 51408
@write_ns[294]: 51420
@write_ns[295]: 52235
@write_ns[301]: 54089
@write_ns[296]: 54115
@write_ns[293]: 55563
@write_ns[300]: 56022
@open_ns[296]: 56032
@open_ns[293]: 56296
@open_ns[295]: 57268
@open_ns[298]: 57481
@open_ns[300]: 57634
@open_ns[299]: 58427
@open_ns[294]: 59651
@open_ns[292]: 59938
@open_ns[297]: 67420
@close_ns[296]: 59376
@close_ns[297]: 59459
@close_ns[292]: 59716
@close_ns[295]: 60195
@close_ns[299]: 61337
@close_ns[291]: 61567
@close_ns[298]: 61866
@close_ns[300]: 63625
@close_ns[294]: 64337
@close_ns[293]: 65746
@read_ns[304]: 24210
@read_ns[306]: 24725
@read_ns[305]: 24895
@read_ns[307]: 25059
@read_ns[309]: 25444
@read_ns[301]: 25561
@read_ns[302]: 25633
@read_ns[308]: 25886
@read_ns[310]: 27381
@read_ns[303]: 32759
@write_ns[303]: 45012
@write_ns[302]: 48721
@write_ns[307]: 49079
@write_ns[311]: 49225
@write_ns[306]: 49892
@write_ns[310]: 50629
@write_ns[305]: 50924
@write_ns[308]: 55042
@write_ns[309]: 57492
@write_ns[304]: 64349
@open_ns[308]: 55849
@open_ns[301]: 57431
@open_ns[304]: 57950
@open_ns[305]: 58582
@open_ns[307]: 58845
@open_ns[306]: 58993
@open_ns[302]: 59261
@open_ns[303]: 59291
@open_ns[310]: 59411
@open_ns[309]: 60049
@close_ns[307]: 60310
@close_ns[303]: 60356
@close_ns[306]: 60409
@close_ns[309]: 60693
@close_ns[304]: 61066
@close_ns[302]: 61480
@close_ns[308]: 61878
@close_ns[305]: 62014
@close_ns[301]: 63384
@read_ns[315]: 22725
@read_ns[313]: 22981
@read_ns[314]: 23928
@read_ns[317]: 24233
@read_ns[312]: 25443
@read_ns[311]: 25984
@read_ns[319]: 32069
@read_ns[316]: 35548
@read_ns[318]: 39096
@write_ns[318]: 44737
@write_ns[314]: 49516
@write_ns[317]: 52016
@write_ns[315]: 52140
@write_ns[313]: 52768
@write_ns[316]: 53520
@write_ns[312]: 58010
@write_ns[320]: 58889
@write_ns[319]: 75192
@open_ns[313]: 55448
@open_ns[315]: 57323
@open_ns[316]: 58067
@open_ns[312]: 59767
@open_ns[311]: 59805
@open_ns[317]: 61269
@open_ns[319]: 62919
@open_ns[320]: 64756
@open_ns[314]: 64850
@open_ns[318]: 72954
@close_ns[317]: 59357
@close_ns[312]: 60544
@close_ns[315]: 61545
@close_ns[313]: 62391
@close_ns[311]: 62544
@close_ns[310]: 62837
@close_ns[314]: 63384
@close_ns[319]: 68587
@close_ns[316]: 77235
@close_ns[318]: 82090
@read_ns[325]: 24706
@read_ns[322]: 25284
@read_ns[323]: 25495
@read_ns[329]: 25939
@read_ns[324]: 26334
@read_ns[326]: 26524
@read_ns[321]: 26606
@read_ns[328]: 26748
@read_ns[327]: 27606
@read_ns[320]: 33882
@write_ns[323]: 43772
@write_ns[322]: 46386
@write_ns[326]: 46738
@write_ns[330]: 48541
@write_ns[327]: 48941
@write_ns[325]: 50816
@write_ns[329]: 52459
@write_ns[328]: 54566
@write_ns[324]: 56057
@write_ns[321]: 56914
@open_ns[326]: 53220
@open_ns[328]: 54259
@open_ns[324]: 56789
@open_ns[327]: 57587
@open_ns[329]: 58994
@open_ns[325]: 59351
@open_ns[321]: 60635
@open_ns[323]: 73421
@open_ns[322]: 79566
@close_ns[325]: 57260
@close_ns[327]: 58290
@close_ns[321]: 60285
@close_ns[329]: 60606
@close_ns[324]: 61401
@close_ns[323]: 64629
@close_ns[328]: 66753
@close_ns[320]: 68238
@close_ns[326]: 83943
@close_ns[322]: 89388
@read_ns[339]: 24189
@read_ns[330]: 24257
@read_ns[331]: 24463
@read_ns[336]: 25069
@read_ns[337]: 25197
@read_ns[338]: 25361
@read_ns[335]: 25676
@read_ns[332]: 25774
@read_ns[333]: 26332
@read_ns[334]: 29943
@write_ns[331]: 46690
@write_ns[335]: 49692
@write_ns[334]: 50528
@write_ns[338]: 51034
@write_ns[332]: 52108
@write_ns[333]: 52165
@write_ns[339]: 52586
@write_ns[340]: 52924
@write_ns[337]: 54667
@write_ns[336]: 55110
@open_ns[331]: 55456
@open_ns[338]: 55889
@open_ns[334]: 55907
@open_ns[336]: 55930
@open_ns[333]: 55993
@open_ns[332]: 56524
@open_ns[339]: 56872
@open_ns[337]: 57336
@open_ns[330]: 57403
@open_ns[335]: 58653
@close_ns[330]: 58127
@close_ns[338]: 59483
@close_ns[332]: 59753
@close_ns[333]: 60011
@close_ns[337]: 60420
@close_ns[336]: 60746
@close_ns[335]: 60924
@close_ns[334]: 61929
@close_ns[331]: 66412
@read_ns[340]: 23188
@read_ns[346]: 23576
@read_ns[343]: 23588
@read_ns[341]: 23972
@read_ns[348]: 24198
@read_ns[347]: 24644
@read_ns[345]: 25007
@read_ns[344]: 25328
@read_ns[342]: 40897
@write_ns[350]: 47768
@write_ns[343]: 48338
@write_ns[346]: 48614
@write_ns[347]: 50335
@write_ns[342]: 50454
@write_ns[349]: 51978
@write_ns[345]: 53042
@write_ns[341]: 54977
@write_ns[348]: 55500
@write_ns[344]: 58123
@open_ns[346]: 55817
@open_ns[348]: 57401
@open_ns[341]: 57649
@open_ns[340]: 57743
@open_ns[345]: 58699
@open_ns[349]: 61999
@open_ns[342]: 67515
@open_ns[344]: 69001
@open_ns[347]: 69686
@open_ns[343]: 81087
@close_ns[339]: 59488
@close_ns[345]: 60587
@close_ns[341]: 60672
@close_ns[340]: 61220
@close_ns[342]: 61659
@close_ns[346]: 61868
@close_ns[343]: 63404
@close_ns[344]: 66096
@close_ns[348]: 66547
@close_ns[347]: 75330
@read_ns[355]: 23199
@read_ns[352]: 23221
@read_ns[354]: 23265
@read_ns[351]: 23732
@read_ns[356]: 24289
@read_ns[350]: 24346
@read_ns[353]: 24427
@read_ns[357]: 24831
@read_ns[358]: 26202
@read_ns[349]: 27488
@write_ns[355]: 44049
@write_ns[354]: 44651
@write_ns[351]: 45552
@write_ns[359]: 46719
@write_ns[358]: 46930
@write_ns[353]: 48677
@write_ns[356]: 48877
@write_ns[357]: 49307
@write_ns[352]: 51619
@open_ns[358]: 53981
@open_ns[354]: 54603
@open_ns[353]: 55453
@open_ns[356]: 55721
@open_ns[355]: 55940
@open_ns[352]: 56747
@open_ns[351]: 57294
@open_ns[359]: 58343
@open_ns[350]: 58786
@open_ns[357]: 60357
@close_ns[355]: 59158
@close_ns[351]: 59562
@close_ns[357]: 60236
@close_ns[354]: 61165
@close_ns[353]: 61302
@close_ns[356]: 61369
@close_ns[352]: 61587
@close_ns[358]: 63164
@close_ns[349]: 63790
@close_ns[350]: 65434
@read_ns[361]: 22847
@read_ns[360]: 23309
@read_ns[365]: 23353
@read_ns[362]: 23892
@read_ns[367]: 23928
@read_ns[366]: 24031
@read_ns[364]: 24054
@read_ns[363]: 24417
@read_ns[359]: 26149
@read_ns[368]: 26958
@write_ns[367]: 43362
@write_ns[363]: 43892
@write_ns[362]: 44586
@write_ns[366]: 45840
@write_ns[360]: 48733
@write_ns[365]: 49773
@write_ns[361]: 50807
@write_ns[368]: 51087
@write_ns[369]: 52313
@write_ns[364]: 56093
@open_ns[364]: 54391
@open_ns[368]: 55048
@open_ns[366]: 55372
@open_ns[367]: 55888
@open_ns[365]: 56008
@open_ns[360]: 57434
@open_ns[361]: 57966
@open_ns[362]: 58226
@open_ns[363]: 58779
@close_ns[365]: 56814
@close_ns[361]: 57027
@close_ns[367]: 59505
@close_ns[359]: 59510
@close_ns[366]: 59962
@close_ns[363]: 60088
@close_ns[364]: 60773
@close_ns[360]: 61441
@close_ns[368]: 63514
@close_ns[362]: 76833
@read_ns[370]: 24793
@read_ns[377]: 24907
@read_ns[371]: 25332
@read_ns[374]: 25474
@read_ns[375]: 25657
@read_ns[369]: 25711
@read_ns[373]: 26021
@read_ns[372]: 26616
@read_ns[378]: 26687
@read_ns[376]: 27024
@write_ns[379]: 47080
@write_ns[375]: 47267
@write_ns[370]: 47329
@write_ns[371]: 48068
@write_ns[378]: 50430
@write_ns[372]: 51671
@write_ns[374]: 51889
@write_ns[373]: 54077
@write_ns[376]: 54140
@write_ns[377]: 54496
@open_ns[372]: 55780
@open_ns[373]: 56598
@open_ns[371]: 56679
@open_ns[369]: 57051
@open_ns[376]: 57172
@open_ns[374]: 57395
@open_ns[375]: 57706
@open_ns[370]: 58164
@open_ns[378]: 61713
@open_ns[377]: 69133
@close_ns[375]: 58869
@close_ns[371]: 59457
@close_ns[374]: 61228
@close_ns[377]: 61626
@close_ns[370]: 61722
@close_ns[378]: 62571
@close_ns[373]: 62892
@close_ns[369]: 63442
@close_ns[376]: 64078
@close_ns[372]: 64405
@read_ns[379]: 24523
@read_ns[384]: 25001
@read_ns[382]: 25026
@read_ns[381]: 25475
@read_ns[380]: 26191
@read_ns[383]: 26354
@read_ns[386]: 26775
@read_ns[388]: 27092
@read_ns[387]: 27248
@read_ns[385]: 40540
@write_ns[382]: 47611
@write_ns[383]: 48039
@write_ns[386]: 48130
@write_ns[385]: 51013
@write_ns[381]: 51208
@write_ns[389]: 51522
@write_ns[387]: 51992
@write_ns[384]: 52067
@write_ns[380]: 52680
@write_ns[388]: 54188
@open_ns[379]: 54203
@open_ns[380]: 54779
@open_ns[383]: 54913
@open_ns[385]: 55647
@open_ns[382]: 55697
@open_ns[388]: 55754
@open_ns[384]: 56439
@open_ns[381]: 58118
@open_ns[387]: 58489
@open_ns[386]: 62038
@close_ns[381]: 56005
@close_ns[379]: 57576
@close_ns[383]: 57836
@close_ns[387]: 58802
@close_ns[384]: 59417
@close_ns[380]: 59856
@close_ns[382]: 60201
@close_ns[386]: 61534
@close_ns[385]: 65024
@read_ns[397]: 21865
@read_ns[393]: 22200
@read_ns[392]: 22269
@read_ns[391]: 22783
@read_ns[395]: 23212
@read_ns[396]: 23718
@read_ns[394]: 24730
@read_ns[390]: 25402
@read_ns[389]: 28077
@write_ns[395]: 45372
@write_ns[394]: 49081
@write_ns[390]: 49323
@write_ns[398]: 49917
@write_ns[391]: 51567
@write_ns[396]: 53316
@write_ns[393]: 53684
@write_ns[392]: 53904
@write_ns[397]: 55148
@write_ns[399]: 68647
@open_ns[391]: 55046
@open_ns[390]: 56141
@open_ns[394]: 56464
@open_ns[392]: 56908
@open_ns[389]: 56941
@open_ns[396]: 57374
@open_ns[398]: 57846
@open_ns[395]: 57998
@open_ns[393]: 60759
@open_ns[397]: 62111
@close_ns[391]: 57854
@close_ns[389]: 58551
@close_ns[390]: 58870
@close_ns[395]: 59299
@close_ns[393]: 59695
@close_ns[394]: 59732
@close_ns[388]: 60317
@close_ns[392]: 60344
@close_ns[396]: 60432
@close_ns[397]: 61295
@read_ns[401]: 22387
@read_ns[399]: 23131
@read_ns[400]: 23365
@read_ns[403]: 24180
@read_ns[405]: 24189
@read_ns[406]: 24358
@read_ns[404]: 24701
@read_ns[407]: 25142
@read_ns[402]: 25354
@read_ns[398]: 27294
@write_ns[407]: 44156
@write_ns[406]: 44829
@write_ns[403]: 45743
@write_ns[402]: 46472
@write_ns[405]: 48057
@write_ns[400]: 48843
@write_ns[401]: 49084
@write_ns[408]: 50463
@write_ns[404]: 58555
@open_ns[405]: 52849
@open_ns[400]: 53540
@open_ns[403]: 55812
@open_ns[404]: 55840
@open_ns[408]: 56427
@open_ns[399]: 60890
@open_ns[407]: 64286
@open_ns[406]: 68489
@open_ns[402]: 69484
@open_ns[401]: 71462
@close_ns[405]: 56364
@close_ns[400]: 56838
@close_ns[403]: 57726
@close_ns[399]: 58092
@close_ns[402]: 59150
@close_ns[404]: 59795
@close_ns[407]: 60046
@close_ns[401]: 61362
@close_ns[398]: 66162
@close_ns[406]: 72427
@read_ns[412]: 23458
@read_ns[410]: 23964
@read_ns[414]: 24012
@read_ns[409]: 24372
@read_ns[411]: 24738
@read_ns[413]: 24758
@read_ns[416]: 24912
@read_ns[415]: 24936
@read_ns[408]: 25472
@read_ns[417]: 26324
@write_ns[410]: 44353
@write_ns[414]: 45100
@write_ns[418]: 45156
@write_ns[411]: 45461
@write_ns[413]: 46926
@write_ns[415]: 47578
@write_ns[409]: 48577
@write_ns[412]: 51302
@write_ns[416]: 51447
@write_ns[417]: 166536
@open_ns[414]: 52845
@open_ns[416]: 53459
@open_ns[415]: 55247
@open_ns[410]: 55273
@open_ns[409]: 55811
@open_ns[411]: 56828
@open_ns[417]: 57088
@open_ns[412]: 59566
@open_ns[413]: 67471
@close_ns[417]: 58281
@close_ns[413]: 59714
@close_ns[409]: 59757
@close_ns[414]: 60015
@close_ns[416]: 60333
@close_ns[410]: 60444
@close_ns[412]: 60565
@close_ns[415]: 61694
@close_ns[408]: 61932
@close_ns[411]: 84145
@read_ns[425]: 25154
@read_ns[424]: 25534
@read_ns[423]: 25702
@read_ns[426]: 26616
@read_ns[422]: 27317
@read_ns[419]: 27486
@read_ns[421]: 35012
@read_ns[418]: 38780
@read_ns[420]: 41308
@write_ns[426]: 46792
@write_ns[427]: 48298
@write_ns[423]: 48386
@write_ns[424]: 50674
@write_ns[428]: 52052
@write_ns[425]: 52305
@write_ns[421]: 54468
@write_ns[420]: 57840
@write_ns[419]: 65973
@write_ns[422]: 73250
@open_ns[426]: 54854
@open_ns[425]: 55319
@open_ns[418]: 55910
@open_ns[424]: 55942
@open_ns[423]: 56267
@open_ns[420]: 60532
@open_ns[427]: 63689
@open_ns[419]: 72834
@open_ns[422]: 73702
@open_ns[421]: 78040
@close_ns[426]: 57119
@close_ns[424]: 57314
@close_ns[423]: 58468
@close_ns[425]: 58670
@close_ns[422]: 59891
@close_ns[421]: 64413
@close_ns[420]: 70313
@close_ns[419]: 77389
@close_ns[418]: 84882
@read_ns[431]: 22242
@read_ns[432]: 22529
@read_ns[430]: 22836
@read_ns[429]: 23278
@read_ns[428]: 23290
@read_ns[433]: 23310
@read_ns[434]: 23504
@read_ns[435]: 23699
@read_ns[427]: 24381
@read_ns[436]: 24913
@write_ns[430]: 44453
@write_ns[431]: 44710
@write_ns[434]: 46289
@write_ns[435]: 47565
@write_ns[436]: 48684
@write_ns[437]: 49991
@write_ns[433]: 50230
@write_ns[429]: 51617
@write_ns[432]: 52079
@open_ns[436]: 53954
@open_ns[429]: 55076
@open_ns[435]: 55857
@open_ns[433]: 55957
@open_ns[430]: 56807
@open_ns[434]: 57479
@open_ns[432]: 57711
@open_ns[437]: 58224
@open_ns[431]: 62960
@open_ns[428]: 63272
@close_ns[429]: 57622
@close_ns[434]: 57922
@close_ns[431]: 58155
@close_ns[427]: 58424
@close_ns[435]: 58570
@close_ns[433]: 58604
@close_ns[428]: 60085
@close_ns[430]: 60136
@close_ns[432]: 61059
@close_ns[436]: 61094
@read_ns[443]: 23413
@read_ns[437]: 23960
@read_ns[442]: 24063
@read_ns[439]: 24337
@read_ns[441]: 24365
@read_ns[438]: 24848
@read_ns[445]: 25028
@read_ns[444]: 25146
@read_ns[440]: 25409
@read_ns[446]: 26924
@write_ns[438]: 39725
@write_ns[442]: 41910
@write_ns[443]: 44064
@write_ns[446]: 45726
@write_ns[447]: 47538
@write_ns[441]: 48874
@write_ns[440]: 51938
@write_ns[439]: 55657
@write_ns[445]: 56309
@write_ns[444]: 57032
@open_ns[442]: 53862
@open_ns[438]: 53972
@open_ns[444]: 54107
@open_ns[441]: 54867
@open_ns[440]: 54958
@open_ns[443]: 55147
@open_ns[446]: 55531
@open_ns[445]: 55600
@open_ns[439]: 55893
@close_ns[443]: 57335
@close_ns[439]: 58602
@close_ns[437]: 58977
@close_ns[444]: 58991
@close_ns[438]: 59361
@close_ns[441]: 59527
@close_ns[440]: 59586
@close_ns[445]: 59647
@close_ns[446]: 61346
@close_ns[442]: 61372
@read_ns[447]: 23733
@read_ns[451]: 24674
@read_ns[455]: 24780
@read_ns[450]: 25145
@read_ns[453]: 25342
@read_ns[449]: 25616
@read_ns[448]: 25745
@read_ns[452]: 26500
@read_ns[456]: 27066
@read_ns[454]: 27481
@write_ns[450]: 44068
@write_ns[454]: 45412
@write_ns[451]: 46656
@write_ns[455]: 47263
@write_ns[453]: 48843
@write_ns[449]: 49750
@write_ns[452]: 49867
@write_ns[457]: 52396
@write_ns[456]: 52790
@write_ns[448]: 59464
@open_ns[453]: 53639
@open_ns[452]: 54675
@open_ns[456]: 55118
@open_ns[450]: 55606
@open_ns[454]: 55612
@open_ns[451]: 55616
@open_ns[449]: 55720
@open_ns[448]: 56314
@open_ns[447]: 57604
@open_ns[455]: 60430
@close_ns[449]: 56879
@close_ns[447]: 57937
@close_ns[455]: 58300
@close_ns[452]: 58810
@close_ns[448]: 59527
@close_ns[450]: 59898
@close_ns[453]: 60389
@close_ns[456]: 60598
@close_ns[454]: 63742
@close_ns[451]: 76019
@read_ns[465]: 24765
@read_ns[462]: 24880
@read_ns[457]: 25190
@read_ns[463]: 25316
@read_ns[464]: 25812
@read_ns[458]: 26008
@read_ns[459]: 26045
@read_ns[461]: 26050
@read_ns[466]: 26235
@read_ns[460]: 26869
@write_ns[459]: 46351
@write_ns[462]: 46405
@write_ns[458]: 46773
@write_ns[463]: 46844
@write_ns[467]: 47915
@write_ns[466]: 48311
@write_ns[460]: 49810
@write_ns[464]: 52307
@write_ns[465]: 53653
@write_ns[461]: 54696
@open_ns[463]: 53468
@open_ns[465]: 53737
@open_ns[466]: 53813
@open_ns[464]: 54048
@open_ns[461]: 55003
@open_ns[459]: 55612
@open_ns[462]: 55849
@open_ns[460]: 56453
@open_ns[457]: 57382
@open_ns[458]: 63877
@close_ns[464]: 57054
@close_ns[458]: 58115
@close_ns[461]: 58396
@close_ns[457]: 58454
@close_ns[463]: 58644
@close_ns[465]: 58672
@close_ns[462]: 58948
@close_ns[459]: 59277
@close_ns[460]: 62866
@read_ns[467]: 24573
@read_ns[469]: 25244
@read_ns[468]: 25302
@read_ns[473]: 25926
@read_ns[474]: 25987
@read_ns[471]: 26545
@read_ns[475]: 26836
@read_ns[472]: 27819
@read_ns[470]: 32773
@write_ns[475]: 46989
@write_ns[471]: 47186
@write_ns[470]: 47602
@write_ns[474]: 47723
@write_ns[468]: 48390
@write_ns[472]: 50741
@write_ns[469]: 50769
@write_ns[473]: 51235
@write_ns[476]: 52522
@write_ns[477]: 82713
@open_ns[475]: 53603
@open_ns[469]: 53834
@open_ns[467]: 55007
@open_ns[471]: 55333
@open_ns[472]: 55608
@open_ns[473]: 55910
@open_ns[468]: 56496
@open_ns[470]: 56692
@open_ns[476]: 58791
@open_ns[474]: 70856
@close_ns[467]: 56817
@close_ns[473]: 57189
@close_ns[470]: 57553
@close_ns[468]: 58556
@close_ns[471]: 59088
@close_ns[475]: 59203
@close_ns[472]: 59452
@close_ns[474]: 59602
@close_ns[466]: 59819
@close_ns[469]: 66729
@read_ns[477]: 22223
@read_ns[479]: 22646
@read_ns[483]: 22814
@read_ns[478]: 23712
@read_ns[481]: 24055
@read_ns[484]: 24154
@read_ns[482]: 24567
@read_ns[476]: 26866
@read_ns[480]: 35969
@read_ns[485]: 37473
@write_ns[478]: 47597
@write_ns[486]: 47917
@write_ns[483]: 48539
@write_ns[479]: 49052
@write_ns[484]: 49348
@write_ns[482]: 50219
@write_ns[480]: 51443
@write_ns[485]: 51699
@write_ns[481]: 55086
@open_ns[483]: 51958
@open_ns[484]: 54543
@open_ns[481]: 54932
@open_ns[477]: 55432
@open_ns[482]: 56118
@open_ns[478]: 56817
@open_ns[479]: 57666
@open_ns[485]: 59078
@open_ns[486]: 59098
@open_ns[480]: 63961
@close_ns[479]: 54714
@close_ns[477]: 55712
@close_ns[483]: 56036
@close_ns[476]: 58837
@close_ns[478]: 59437
@close_ns[482]: 60097
@close_ns[481]: 61016
@close_ns[480]: 62054
@close_ns[484]: 63393
@close_ns[485]: 67058
@read_ns[491]: 22140
@read_ns[490]: 23021
@read_ns[488]: 23912
@read_ns[487]: 24039
@read_ns[489]: 24318
@read_ns[495]: 24999
@read_ns[494]: 25642
@read_ns[492]: 25755
@read_ns[493]: 25983
@read_ns[486]: 26072
@write_ns[490]: 44936
@write_ns[494]: 45190
@write_ns[491]: 46143
@write_ns[488]: 46328
@write_ns[492]: 47748
@write_ns[489]: 47800
@write_ns[496]: 47873
@write_ns[493]: 49767
@write_ns[487]: 55729
@write_ns[495]: 97210
@open_ns[489]: 52512
@open_ns[492]: 52547
@open_ns[488]: 53721
@open_ns[493]: 54240
@open_ns[495]: 54274
@open_ns[487]: 54634
@open_ns[491]: 54799
@open_ns[490]: 57417
@open_ns[494]: 57841
@close_ns[492]: 56046
@close_ns[487]: 56899
@close_ns[495]: 56905
@close_ns[491]: 57407
@close_ns[488]: 58530
@close_ns[490]: 58672
@close_ns[493]: 59483
@close_ns[494]: 59633
@close_ns[486]: 61312
@close_ns[489]: 65945
@read_ns[497]: 24082
@read_ns[501]: 24096
@read_ns[496]: 24455
@read_ns[502]: 24706
@read_ns[500]: 25006
@read_ns[505]: 25807
@read_ns[504]: 25913
@read_ns[498]: 27004
@read_ns[503]: 27333
@read_ns[499]: 27714
@write_ns[498]: 43254
@write_ns[502]: 44781
@write_ns[499]: 46115
@write_ns[506]: 46283
@write_ns[503]: 47596
@write_ns[500]: 47624
@write_ns[504]: 48929
@write_ns[497]: 49305
@write_ns[501]: 49521
@write_ns[505]: 50734
@open_ns[502]: 53277
@open_ns[497]: 53350
@open_ns[501]: 53464
@open_ns[505]: 53796
@open_ns[498]: 54200
@open_ns[503]: 54931
@open_ns[496]: 55158
@open_ns[500]: 55282
@open_ns[499]: 55316
@open_ns[504]: 55683
@close_ns[504]: 56765
@close_ns[497]: 56816
@close_ns[501]: 58054
@close_ns[502]: 58649
@close_ns[500]: 59742
@close_ns[496]: 59898
@close_ns[498]: 63286
@close_ns[499]: 64170
@close_ns[503]: 64733
@read_ns[508]: 23929
@read_ns[506]: 24071
@read_ns[507]: 24731
@read_ns[513]: 24957
@read_ns[514]: 25109
@read_ns[510]: 25536
@read_ns[511]: 25762
@read_ns[512]: 25819
@read_ns[509]: 39614
@write_ns[507]: 48928
@write_ns[508]: 50139
@write_ns[511]: 50171
@write_ns[509]: 50762
@write_ns[513]: 51881
@write_ns[514]: 52270
@write_ns[512]: 52442
@write_ns[515]: 52698
@write_ns[516]: 53291
@write_ns[510]: 78311
@open_ns[508]: 52647
@open_ns[509]: 52917
@open_ns[507]: 53527
@open_ns[513]: 54710
@open_ns[512]: 56810
@open_ns[514]: 56847
@open_ns[515]: 57106
@open_ns[506]: 57146
@open_ns[511]: 57863
@open_ns[510]: 61893
@close_ns[510]: 56926
@close_ns[505]: 57737
@close_ns[508]: 58384
@close_ns[512]: 58852
@close_ns[506]: 59150
@close_ns[507]: 59335
@close_ns[511]: 59444
@close_ns[513]: 64914
@close_ns[509]: 66983
@close_ns[514]: 76974
@read_ns[522]: 24005
@read_ns[523]: 24054
@read_ns[524]: 24711
@read_ns[517]: 24714
@read_ns[516]: 24719
@read_ns[515]: 25068
@read_ns[519]: 25783
@read_ns[521]: 26123
@read_ns[518]: 33101
@read_ns[520]: 35338
@write_ns[523]: 51149
@write_ns[524]: 51749
@write_ns[518]: 52443
@write_ns[517]: 52810
@write_ns[519]: 53851
@write_ns[521]: 56735
@write_ns[522]: 60290
@write_ns[520]: 62281
@write_ns[525]: 81335
@open_ns[523]: 53476
@open_ns[517]: 54055
@open_ns[516]: 56547
@open_ns[522]: 57367
@open_ns[524]: 58478
@open_ns[518]: 58639
@open_ns[519]: 77328
@open_ns[521]: 77958
@open_ns[520]: 82840
@close_ns[515]: 55893
@close_ns[522]: 57334
@close_ns[516]: 57422
@close_ns[523]: 58848
@close_ns[524]: 60459
@close_ns[517]: 60770
@close_ns[521]: 62139
@close_ns[519]: 62904
@close_ns[518]: 78831
@close_ns[520]: 81969
@read_ns[526]: 21518
@read_ns[527]: 23738
@read_ns[534]: 24146
@read_ns[528]: 24236
@read_ns[531]: 24312
@read_ns[530]: 24784
@read_ns[525]: 25021
@read_ns[533]: 25600
@read_ns[532]: 26540
@read_ns[529]: 39055
@write_ns[527]: 45814
@write_ns[530]: 46575
@write_ns[532]: 46876
@write_ns[528]: 47151
@write_ns[529]: 47580
@write_ns[535]: 47873
@write_ns[531]: 49011
@write_ns[534]: 49178
@write_ns[533]: 49489
@write_ns[526]: 53187
@open_ns[525]: 52486
@open_ns[534]: 52762
@open_ns[529]: 53582
@open_ns[526]: 54008
@open_ns[528]: 54086
@open_ns[533]: 54485
@open_ns[530]: 54989
@open_ns[532]: 55048
@open_ns[531]: 55267
@open_ns[527]: 57984
@close_ns[527]: 57241
@close_ns[532]: 57372
@close_ns[526]: 57846
@close_ns[529]: 57848
@close_ns[533]: 57971
@close_ns[528]: 58255
@close_ns[525]: 58791
@close_ns[531]: 60021
@close_ns[530]: 90284
@read_ns[535]: 23401
@read_ns[544]: 23799
@read_ns[536]: 24144
@read_ns[540]: 24889
@read_ns[543]: 24914
@read_ns[539]: 25572
@read_ns[542]: 25937
@read_ns[541]: 26356
@read_ns[537]: 27893
@read_ns[538]: 31194
@write_ns[536]: 46075
@write_ns[537]: 46670
@write_ns[541]: 48174
@write_ns[545]: 49062
@write_ns[538]: 49123
@write_ns[542]: 51247
@write_ns[543]: 51415
@write_ns[540]: 51480
@write_ns[544]: 52516
@write_ns[539]: 78389
@open_ns[543]: 51791
@open_ns[544]: 52494
@open_ns[540]: 54594
@open_ns[539]: 55515
@open_ns[535]: 55667
@open_ns[537]: 55847
@open_ns[541]: 55858
@open_ns[542]: 58155
@open_ns[536]: 69202
@open_ns[538]: 142749
@close_ns[534]: 55563
@close_ns[542]: 56513
@close_ns[537]: 56761
@close_ns[536]: 56910
@close_ns[543]: 57136
@close_ns[535]: 57445
@close_ns[540]: 59156
@close_ns[539]: 59527
@close_ns[541]: 60639
@close_ns[538]: 71405
@read_ns[547]: 22018
@read_ns[550]: 23753
@read_ns[553]: 23768
@read_ns[552]: 23946
@read_ns[551]: 24129
@read_ns[548]: 24262
@read_ns[549]: 25049
@read_ns[546]: 25394
@read_ns[545]: 26438
@write_ns[548]: 49036
@write_ns[554]: 49148
@write_ns[546]: 49587
@write_ns[552]: 51420
@write_ns[547]: 51567
@write_ns[555]: 51953
@write_ns[553]: 52408
@write_ns[550]: 52720
@write_ns[551]: 52851
@write_ns[549]: 52947
@open_ns[548]: 53756
@open_ns[552]: 54256
@open_ns[553]: 54390
@open_ns[547]: 54947
@open_ns[545]: 56041
@open_ns[554]: 56894
@open_ns[550]: 57868
@open_ns[549]: 58326
@open_ns[546]: 58855
@open_ns[551]: 73751
@close_ns[552]: 56440
@close_ns[546]: 56953
@close_ns[551]: 57261
@close_ns[547]: 58862
@close_ns[550]: 59351
@close_ns[549]: 59387
@close_ns[545]: 59470
@close_ns[544]: 60319
@close_ns[553]: 67653
@close_ns[548]: 81812
@read_ns[559]: 22470
@read_ns[563]: 23498
@read_ns[554]: 23908
@read_ns[561]: 23937
@read_ns[555]: 24266
@read_ns[558]: 24404
@read_ns[562]: 24405
@read_ns[560]: 24892
@read_ns[556]: 25243
@read_ns[557]: 25342
@write_ns[561]: 47208
@write_ns[559]: 48304
@write_ns[562]: 48766
@write_ns[558]: 49183
@write_ns[563]: 49232
@write_ns[560]: 49469
@write_ns[556]: 49517
@write_ns[564]: 51314
@write_ns[557]: 51588
@open_ns[562]: 53813
@open_ns[561]: 54022
@open_ns[559]: 54664
@open_ns[560]: 54993
@open_ns[555]: 55812
@open_ns[557]: 56530
@open_ns[558]: 56976
@open_ns[563]: 57059
@open_ns[556]: 59326
@open_ns[564]: 68696
@close_ns[558]: 56623
@close_ns[562]: 57114
@close_ns[555]: 57204
@close_ns[561]: 57567
@close_ns[554]: 58491
@close_ns[556]: 59101
@close_ns[559]: 59104
@close_ns[560]: 59190
@close_ns[557]: 59216
@close_ns[563]: 59878
@read_ns[570]: 22042
@read_ns[573]: 22468
@read_ns[566]: 22701
@read_ns[564]: 22762
@read_ns[571]: 23099
@read_ns[568]: 23119
@read_ns[567]: 23161
@read_ns[572]: 23396
@read_ns[565]: 24618
@read_ns[569]: 47642
@write_ns[566]: 47701
@write_ns[568]: 48331
@write_ns[572]: 48631
@write_ns[565]: 49113
@write_ns[571]: 49256
@write_ns[570]: 50161
@write_ns[567]: 50354
@write_ns[574]: 51000
@write_ns[569]: 54672
@write_ns[573]: 65409
@open_ns[567]: 51444
@open_ns[573]: 54189
@open_ns[568]: 54753
@open_ns[571]: 55126
@open_ns[570]: 55563
@open_ns[565]: 56108
@open_ns[572]: 56508
@open_ns[569]: 57312
@open_ns[566]: 60734
@close_ns[566]: 57758
@close_ns[573]: 58550
@close_ns[567]: 59166
@close_ns[564]: 59350
@close_ns[569]: 59475
@close_ns[570]: 59641
@close_ns[571]: 60595
@close_ns[572]: 61206
@close_ns[568]: 61844
@close_ns[565]: 61917
@read_ns[575]: 21387
@read_ns[582]: 22784
@read_ns[576]: 22892
@read_ns[583]: 23584
@read_ns[577]: 23694
@read_ns[581]: 23761
@read_ns[578]: 24704
@read_ns[579]: 25492
@read_ns[580]: 36226
@read_ns[574]: 39572
@write_ns[576]: 44271
@write_ns[584]: 46722
@write_ns[582]: 47745
@write_ns[578]: 48180
@write_ns[577]: 48205
@write_ns[580]: 49215
@write_ns[575]: 49231
@write_ns[581]: 49685
@write_ns[583]: 49946
@write_ns[579]: 50503
@open_ns[575]: 54414
@open_ns[583]: 54725
@open_ns[580]: 55188
@open_ns[576]: 55508
@open_ns[581]: 55967
@open_ns[579]: 56175
@open_ns[577]: 56281
@open_ns[574]: 56360
@open_ns[582]: 56378
@open_ns[578]: 59680
@close_ns[582]: 57182
@close_ns[577]: 58619
@close_ns[581]: 58912
@close_ns[576]: 59052
@close_ns[580]: 59637
@close_ns[579]: 60233
@close_ns[575]: 61307
@close_ns[578]: 61928
@close_ns[574]: 69293
@read_ns[589]: 22512
@read_ns[586]: 22825
@read_ns[584]: 23734
@read_ns[590]: 23892
@read_ns[592]: 24498
@read_ns[591]: 24617
@read_ns[588]: 25201
@read_ns[587]: 25492
@read_ns[585]: 31607
@write_ns[590]: 46636
@write_ns[588]: 46821
@write_ns[591]: 47533
@write_ns[593]: 48559
@write_ns[592]: 48777
@write_ns[585]: 49107
@write_ns[594]: 49280
@write_ns[589]: 49437
@write_ns[587]: 50423
@write_ns[586]: 56175
@open_ns[589]: 52180
@open_ns[591]: 52500
@open_ns[585]: 52657
@open_ns[592]: 53585
@open_ns[590]: 54291
@open_ns[593]: 54696
@open_ns[588]: 55252
@open_ns[587]: 55858
@open_ns[584]: 58636
@open_ns[586]: 61216
@close_ns[583]: 55929
@close_ns[591]: 56592
@close_ns[592]: 56954
@close_ns[588]: 57189
@close_ns[590]: 57261
@close_ns[586]: 57509
@close_ns[584]: 57510
@close_ns[587]: 57895
@close_ns[589]: 59778
@close_ns[585]: 66960
@read_ns[593]: 22963
@read_ns[595]: 23189
@read_ns[596]: 24080
@read_ns[599]: 24133
@read_ns[600]: 24161
@read_ns[602]: 25022
@read_ns[598]: 25102
@read_ns[594]: 25303
@read_ns[597]: 26543
@read_ns[601]: 26690
@write_ns[600]: 48740
@write_ns[595]: 48776
@write_ns[601]: 50015
@write_ns[604]: 50064
@write_ns[603]: 50116
@write_ns[597]: 50229
@write_ns[599]: 50510
@write_ns[598]: 51612
@write_ns[602]: 52760
@write_ns[596]: 79792
@open_ns[601]: 53412
@open_ns[600]: 53446
@open_ns[598]: 53584
@open_ns[594]: 55339
@open_ns[599]: 55403
@open_ns[603]: 55929
@open_ns[596]: 56066
@open_ns[602]: 57305
@open_ns[597]: 57461
@open_ns[595]: 61734
@close_ns[602]: 55703
@close_ns[594]: 58070
@close_ns[596]: 58340
@close_ns[600]: 59091
@close_ns[599]: 59382
@close_ns[598]: 59675
@close_ns[601]: 60091
@close_ns[595]: 60968
@close_ns[593]: 62244
@close_ns[597]: 62876
@read_ns[612]: 23584
@read_ns[605]: 23960
@read_ns[603]: 24105
@read_ns[606]: 25009
@read_ns[608]: 27998
@read_ns[607]: 29991
@read_ns[610]: 31025
@read_ns[604]: 31234
@read_ns[611]: 37736
@read_ns[609]: 42282
@write_ns[607]: 49330
@write_ns[606]: 50152
@write_ns[608]: 53933
@write_ns[613]: 55009
@write_ns[611]: 56806
@write_ns[609]: 57947
@write_ns[610]: 67066
@write_ns[612]: 68044
@write_ns[605]: 87567
@open_ns[607]: 55557
@open_ns[604]: 55706
@open_ns[606]: 56855
@open_ns[609]: 61659
@open_ns[611]: 63043
@open_ns[605]: 63549
@open_ns[610]: 65215
@open_ns[612]: 65486
@open_ns[608]: 69325
@close_ns[606]: 56744
@close_ns[612]: 59650
@close_ns[605]: 59755
@close_ns[603]: 60895
@close_ns[608]: 61753
@close_ns[610]: 72622
@close_ns[611]: 75533
@close_ns[609]: 76507
@close_ns[607]: 76618
@close_ns[604]: 103178
@read_ns[614]: 23649
@read_ns[616]: 23701
@read_ns[613]: 25374
@read_ns[618]: 25682
@read_ns[615]: 25750
@read_ns[620]: 26482
@read_ns[619]: 26821
@read_ns[621]: 28189
@read_ns[622]: 28604
@read_ns[617]: 33417
@write_ns[618]: 48756
@write_ns[614]: 49054
@write_ns[615]: 49593
@write_ns[616]: 49724
@write_ns[617]: 51266
@write_ns[619]: 51550
@write_ns[621]: 52867
@write_ns[623]: 53226
@write_ns[620]: 53338
@write_ns[622]: 54315
@open_ns[613]: 56941
@open_ns[614]: 56978
@open_ns[615]: 57949
@open_ns[616]: 58162
@open_ns[619]: 58517
@open_ns[618]: 59003
@open_ns[617]: 59416
@open_ns[620]: 60079
@open_ns[622]: 62840
@open_ns[621]: 65500
@close_ns[613]: 58643
@close_ns[616]: 59683
@close_ns[618]: 59792
@close_ns[619]: 59829
@close_ns[614]: 61093
@close_ns[617]: 61381
@close_ns[615]: 62875
@close_ns[621]: 64250
@close_ns[620]: 79886
@read_ns[630]: 24868
@read_ns[629]: 26077
@read_ns[626]: 26357
@read_ns[631]: 27500
@read_ns[624]: 27729
@read_ns[628]: 28342
@read_ns[627]: 28539
@read_ns[625]: 29194
@read_ns[623]: 34152
@write_ns[625]: 52737
@write_ns[624]: 52921
@write_ns[629]: 53485
@write_ns[627]: 53534
@write_ns[630]: 53663
@write_ns[631]: 54446
@write_ns[626]: 54568
@write_ns[633]: 55399
@write_ns[628]: 55429
@write_ns[632]: 56377
@open_ns[627]: 59268
@open_ns[625]: 59586
@open_ns[624]: 60671
@open_ns[629]: 61214
@open_ns[628]: 61272
@open_ns[631]: 61309
@open_ns[630]: 61595
@open_ns[632]: 63294
@open_ns[626]: 64366
@open_ns[623]: 64556
@close_ns[630]: 60176
@close_ns[622]: 62593
@close_ns[624]: 62736
@close_ns[623]: 62943
@close_ns[628]: 62955
@close_ns[629]: 63200
@close_ns[625]: 64081
@close_ns[631]: 65418
@close_ns[627]: 66658
@close_ns[626]: 69650
@read_ns[632]: 26167
@read_ns[637]: 26636
@read_ns[634]: 26645
@read_ns[636]: 27176
@read_ns[633]: 27653
@read_ns[638]: 27714
@read_ns[639]: 28463
@read_ns[635]: 28912
@read_ns[641]: 30787
@read_ns[640]: 53000
@write_ns[634]: 53271
@write_ns[637]: 55848
@write_ns[635]: 55974
@write_ns[641]: 57216
@write_ns[640]: 57355
@write_ns[638]: 58266
@write_ns[636]: 58587
@write_ns[639]: 58984
@write_ns[642]: 59468
@open_ns[639]: 57830
@open_ns[637]: 58853
@open_ns[633]: 60577
@open_ns[634]: 61043
@open_ns[640]: 61202
@open_ns[635]: 61419
@open_ns[638]: 62048
@open_ns[636]: 62672
@open_ns[642]: 63640
@open_ns[641]: 65343
@close_ns[634]: 62464
@close_ns[640]: 62970
@close_ns[633]: 63761
@close_ns[638]: 63964
@close_ns[641]: 64523
@close_ns[636]: 66175
@close_ns[637]: 66511
@close_ns[635]: 66944
@close_ns[639]: 68533
@close_ns[632]: 74276
@read_ns[650]: 24258
@read_ns[651]: 24554
@read_ns[644]: 27401
@read_ns[647]: 27483
@read_ns[645]: 27602
@read_ns[642]: 28082
@read_ns[646]: 29175
@read_ns[648]: 29931
@read_ns[649]: 36580
@read_ns[643]: 38108
@write_ns[650]: 50416
@write_ns[643]: 51717
@write_ns[652]: 52816
@write_ns[644]: 53119
@write_ns[647]: 53989
@write_ns[648]: 54289
@write_ns[651]: 55435
@write_ns[646]: 56105
@write_ns[649]: 57406
@write_ns[645]: 63531
@open_ns[649]: 56357
@open_ns[651]: 56713
@open_ns[650]: 57791
@open_ns[645]: 61191
@open_ns[643]: 61514
@open_ns[644]: 61689
@open_ns[646]: 62390
@open_ns[647]: 63577
@open_ns[648]: 68569
@close_ns[650]: 59646
@close_ns[646]: 61872
@close_ns[645]: 61986
@close_ns[651]: 62179
@close_ns[642]: 62209
@close_ns[648]: 62613
@close_ns[643]: 64162
@close_ns[644]: 64519
@close_ns[649]: 65316
@close_ns[647]: 78140
@read_ns[654]: 23279
@read_ns[653]: 23883
@read_ns[657]: 24157
@read_ns[659]: 24305
@read_ns[652]: 24368
@read_ns[658]: 24710
@read_ns[656]: 24714
@read_ns[655]: 25066
@read_ns[661]: 26504
@read_ns[660]: 35467
@write_ns[660]: 49899
@write_ns[654]: 50640
@write_ns[656]: 51796
@write_ns[657]: 51821
@write_ns[661]: 52047
@write_ns[655]: 52521
@write_ns[658]: 52812
@write_ns[653]: 52818
@write_ns[662]: 53316
@write_ns[659]: 53447
@open_ns[659]: 51913
@open_ns[654]: 54938
@open_ns[661]: 55422
@open_ns[652]: 55985
@open_ns[655]: 56042
@open_ns[656]: 56970
@open_ns[660]: 57932
@open_ns[657]: 58254
@open_ns[653]: 58857
@open_ns[658]: 60772
@close_ns[652]: 57937
@close_ns[658]: 58903
@close_ns[659]: 60893
@close_ns[655]: 61160
@close_ns[653]: 61314
@close_ns[660]: 63866
@close_ns[657]: 66083
@close_ns[654]: 69318
@close_ns[656]: 72711
@read_ns[662]: 23321
@read_ns[666]: 23960
@read_ns[665]: 24628
@read_ns[669]: 24895
@read_ns[664]: 25432
@read_ns[670]: 25932
@read_ns[671]: 26029
@read_ns[668]: 26176
@read_ns[667]: 26853
@read_ns[663]: 27079
@write_ns[670]: 48273
@write_ns[667]: 48685
@write_ns[671]: 48854
@write_ns[665]: 49267
@write_ns[668]: 49391
@write_ns[666]: 49440
@write_ns[672]: 51587
@write_ns[669]: 51914
@write_ns[664]: 52298
@write_ns[663]: 52823
@open_ns[663]: 54012
@open_ns[665]: 56835
@open_ns[669]: 56967
@open_ns[664]: 57504
@open_ns[666]: 57734
@open_ns[670]: 57830
@open_ns[668]: 58072
@open_ns[662]: 59586
@open_ns[671]: 64182
@open_ns[667]: 69013
@close_ns[662]: 57246
@close_ns[666]: 57519
@close_ns[664]: 58171
@close_ns[668]: 58291
@close_ns[665]: 58961
@close_ns[661]: 59511
@close_ns[670]: 59871
@close_ns[669]: 59939
@close_ns[663]: 60565
@close_ns[667]: 62792
@read_ns[677]: 23842
@read_ns[672]: 24346
@read_ns[674]: 24728
@read_ns[676]: 25227
@read_ns[678]: 26676
@read_ns[673]: 30200
@read_ns[679]: 31434
@read_ns[680]: 36613
@read_ns[675]: 37039
@write_ns[676]: 49224
@write_ns[674]: 49413
@write_ns[678]: 50327
@write_ns[673]: 50846
@write_ns[681]: 51346
@write_ns[677]: 51361
@write_ns[680]: 51457
@write_ns[679]: 52422
@write_ns[682]: 55705
@write_ns[675]: 58730
@open_ns[678]: 53177
@open_ns[675]: 54585
@open_ns[681]: 55674
@open_ns[674]: 56058
@open_ns[679]: 57137
@open_ns[680]: 59088
@open_ns[676]: 59159
@open_ns[672]: 60144
@open_ns[673]: 61243
@open_ns[677]: 64631
@close_ns[677]: 56288
@close_ns[673]: 59185
@close_ns[679]: 59905
@close_ns[678]: 59906
@close_ns[676]: 60001
@close_ns[671]: 60398
@close_ns[674]: 60750
@close_ns[680]: 61873
@close_ns[675]: 62344
@close_ns[672]: 65415
@read_ns[682]: 23680
@read_ns[690]: 24007
@read_ns[688]: 24033
@read_ns[689]: 24978
@read_ns[681]: 25127
@read_ns[684]: 25157
@read_ns[686]: 25294
@read_ns[685]: 25989
@read_ns[683]: 26944
@read_ns[687]: 31388
@write_ns[688]: 46740
@write_ns[685]: 50903
@write_ns[689]: 51098
@write_ns[690]: 51336
@write_ns[691]: 51533
@write_ns[683]: 52005
@write_ns[687]: 52146
@write_ns[686]: 52862
@write_ns[684]: 53115
@open_ns[690]: 53237
@open_ns[691]: 54681
@open_ns[686]: 55869
@open_ns[685]: 56066
@open_ns[687]: 56479
@open_ns[689]: 56977
@open_ns[682]: 56988
@open_ns[684]: 57324
@open_ns[688]: 64435
@open_ns[683]: 68733
@close_ns[690]: 59339
@close_ns[688]: 59626
@close_ns[683]: 60879
@close_ns[686]: 61656
@close_ns[682]: 61794
@close_ns[687]: 61894
@close_ns[681]: 62499
@close_ns[685]: 62883
@close_ns[684]: 63007
@close_ns[689]: 72637
@read_ns[698]: 23177
@read_ns[695]: 23732
@read_ns[694]: 24090
@read_ns[700]: 24259
@read_ns[691]: 24434
@read_ns[696]: 24987
@read_ns[693]: 25105
@read_ns[699]: 25539
@read_ns[692]: 25616
@read_ns[697]: 27110
@write_ns[692]: 45162
@write_ns[693]: 47890
@write_ns[696]: 48751
@write_ns[699]: 50166
@write_ns[695]: 50720
@write_ns[701]: 51245
@write_ns[700]: 51994
@write_ns[697]: 52139
@write_ns[694]: 53474
@write_ns[698]: 54115
@open_ns[693]: 54988
@open_ns[700]: 55502
@open_ns[692]: 56609
@open_ns[696]: 57669
@open_ns[694]: 57735
@open_ns[699]: 57756
@open_ns[695]: 57815
@open_ns[698]: 59448
@open_ns[697]: 61686
@close_ns[694]: 56105
@close_ns[695]: 56541
@close_ns[696]: 59579
@close_ns[692]: 59813
@close_ns[700]: 59847
@close_ns[697]: 60802
@close_ns[693]: 61208
@close_ns[698]: 61410
@close_ns[691]: 62109
@close_ns[699]: 71992
@read_ns[709]: 23305
@read_ns[707]: 24194
@read_ns[708]: 24347
@read_ns[703]: 24549
@read_ns[704]: 24890
@read_ns[705]: 26318
@read_ns[702]: 26593
@read_ns[701]: 26616
@read_ns[706]: 28199
@read_ns[710]: 28806
@write_ns[705]: 48954
@write_ns[709]: 51129
@write_ns[710]: 51227
@write_ns[706]: 51570
@write_ns[704]: 52074
@write_ns[708]: 53197
@write_ns[703]: 62933
@write_ns[707]: 64832
@write_ns[711]: 73599
@write_ns[702]: 77082
@open_ns[709]: 54303
@open_ns[701]: 55322
@open_ns[703]: 55821
@open_ns[704]: 57677
@open_ns[708]: 59123
@open_ns[707]: 62396
@open_ns[705]: 71638
@open_ns[702]: 73564
@open_ns[706]: 74641
@open_ns[710]: 76770
@close_ns[704]: 59218
@close_ns[703]: 59657
@close_ns[708]: 61002
@close_ns[701]: 61502
@close_ns[707]: 64636
@close_ns[706]: 68122
@close_ns[705]: 74927
@close_ns[702]: 76487
@close_ns[709]: 76530
@read_ns[713]: 23991
@read_ns[718]: 24250
@read_ns[716]: 24529
@read_ns[719]: 24765
@read_ns[715]: 25220
@read_ns[714]: 26633
@read_ns[717]: 26760
@read_ns[712]: 27224
@read_ns[711]: 43413
@write_ns[715]: 47976
@write_ns[717]: 48959
@write_ns[719]: 49105
@write_ns[718]: 49196
@write_ns[714]: 49554
@write_ns[721]: 49744
@write_ns[716]: 49813
@write_ns[712]: 55461
@write_ns[713]: 58307
@write_ns[720]: 59796
@open_ns[717]: 53516
@open_ns[715]: 54758
@open_ns[714]: 54804
@open_ns[718]: 55075
@open_ns[720]: 55230
@open_ns[713]: 58086
@open_ns[716]: 58172
@open_ns[719]: 60057
@open_ns[711]: 66872
@open_ns[712]: 87312
@close_ns[714]: 56707
@close_ns[713]: 59432
@close_ns[719]: 60431
@close_ns[716]: 60734
@close_ns[718]: 61216
@close_ns[715]: 61780
@close_ns[717]: 61932
@close_ns[711]: 63862
@close_ns[710]: 63864
@close_ns[712]: 76663
@read_ns[722]: 22341
@read_ns[729]: 22965
@read_ns[725]: 22982
@read_ns[727]: 23282
@read_ns[724]: 23600
@read_ns[720]: 23983
@read_ns[721]: 24202
@read_ns[728]: 24779
@read_ns[726]: 24901
@read_ns[723]: 25327
@write_ns[727]: 48268
@write_ns[730]: 48725
@write_ns[729]: 48881
@write_ns[722]: 49245
@write_ns[724]: 49269
@write_ns[725]: 49435
@write_ns[723]: 50065
@write_ns[728]: 50419
@write_ns[726]: 50524
@open_ns[728]: 53055
@open_ns[729]: 53092
@open_ns[725]: 53155
@open_ns[730]: 53402
@open_ns[726]: 53879
@open_ns[727]: 54389
@open_ns[723]: 54920
@open_ns[724]: 55288
@open_ns[721]: 57753
@open_ns[722]: 65512
@close_ns[724]: 57319
@close_ns[728]: 58612
@close_ns[721]: 59315
@close_ns[722]: 59615
@close_ns[725]: 59769
@close_ns[723]: 61228
@close_ns[720]: 61332
@close_ns[729]: 61662
@close_ns[726]: 63910
@close_ns[727]: 66084
@read_ns[737]: 20585
@read_ns[731]: 22068
@read_ns[732]: 23098
@read_ns[735]: 23374
@read_ns[734]: 23737
@read_ns[738]: 24021
@read_ns[739]: 24772
@read_ns[736]: 25185
@read_ns[733]: 25373
@read_ns[730]: 38153
@write_ns[739]: 45743
@write_ns[735]: 47582
@write_ns[737]: 47741
@write_ns[740]: 47903
@write_ns[738]: 48725
@write_ns[731]: 48907
@write_ns[733]: 49088
@write_ns[732]: 49821
@write_ns[734]: 50977
@write_ns[736]: 51200
@open_ns[738]: 50870
@open_ns[735]: 52294
@open_ns[736]: 52673
@open_ns[731]: 54237
@open_ns[734]: 54634
@open_ns[739]: 54744
@open_ns[732]: 54978
@open_ns[733]: 55496
@open_ns[737]: 69641
@close_ns[734]: 56335
@close_ns[737]: 56344
@close_ns[738]: 57124
@close_ns[736]: 57797
@close_ns[735]: 58262
@close_ns[732]: 59065
@close_ns[733]: 59236
@close_ns[739]: 59423
@close_ns[731]: 61448
@close_ns[730]: 93194
@read_ns[744]: 22884
@read_ns[742]: 24253
@read_ns[740]: 24416
@read_ns[746]: 24614
@read_ns[745]: 24636
@read_ns[748]: 25300
@read_ns[743]: 25569
@read_ns[749]: 26017
@read_ns[747]: 26053
@read_ns[741]: 26339
@write_ns[741]: 47423
@write_ns[745]: 48381
@write_ns[747]: 49338
@write_ns[743]: 49727
@write_ns[742]: 50304
@write_ns[749]: 50480
@write_ns[746]: 50616
@write_ns[744]: 51342
@write_ns[748]: 52606
@write_ns[750]: 53303
@open_ns[745]: 51503
@open_ns[749]: 52292
@open_ns[740]: 52772
@open_ns[743]: 54192
@open_ns[744]: 54483
@open_ns[741]: 54610
@open_ns[748]: 55317
@open_ns[747]: 57464
@open_ns[742]: 57806
@open_ns[746]: 63217
@close_ns[746]: 56101
@close_ns[744]: 56534
@close_ns[740]: 56698
@close_ns[745]: 56833
@close_ns[742]: 57619
@close_ns[748]: 58080
@close_ns[749]: 58869
@close_ns[743]: 59116
@close_ns[741]: 59388
@close_ns[747]: 60585
@read_ns[756]: 21525
@read_ns[757]: 22316
@read_ns[759]: 23155
@read_ns[755]: 23876
@read_ns[758]: 24150
@read_ns[751]: 24444
@read_ns[752]: 24830
@read_ns[753]: 25160
@read_ns[754]: 25537
@read_ns[750]: 25859
@write_ns[755]: 50100
@write_ns[753]: 50582
@write_ns[751]: 50671
@write_ns[757]: 51362
@write_ns[754]: 51861
@write_ns[752]: 51878
@write_ns[760]: 52115
@write_ns[758]: 52293
@write_ns[756]: 52535
@write_ns[759]: 53579
@open_ns[751]: 52113
@open_ns[753]: 53903
@open_ns[752]: 54244
@open_ns[755]: 55273
@open_ns[756]: 55674
@open_ns[759]: 57311
@open_ns[754]: 57642
@open_ns[757]: 58723
@open_ns[758]: 59218
@open_ns[750]: 65924
@close_ns[752]: 55102
@close_ns[757]: 56641
@close_ns[755]: 57723
@close_ns[753]: 58252
@close_ns[750]: 58594
@close_ns[754]: 59175
@close_ns[751]: 59388
@close_ns[758]: 59726
@close_ns[756]: 60487
@read_ns[760]: 22519
@read_ns[761]: 22963
@read_ns[766]: 23220
@read_ns[765]: 23295
@read_ns[763]: 23537
@read_ns[764]: 23743
@read_ns[762]: 24095
@read_ns[768]: 25055
@read_ns[767]: 25384
@write_ns[770]: 49152
@write_ns[765]: 50713
@write_ns[763]: 50811
@write_ns[769]: 51158
@write_ns[767]: 51256
@write_ns[766]: 51265
@write_ns[761]: 51657
@write_ns[764]: 53097
@write_ns[762]: 60186
@write_ns[768]: 76795
@open_ns[765]: 53369
@open_ns[763]: 55412
@open_ns[761]: 55961
@open_ns[762]: 56469
@open_ns[766]: 56879
@open_ns[760]: 57357
@open_ns[764]: 57530
@open_ns[768]: 61302
@open_ns[769]: 64037
@open_ns[767]: 143520
@close_ns[759]: 56920
@close_ns[762]: 57163
@close_ns[761]: 58272
@close_ns[768]: 58565
@close_ns[765]: 58760
@close_ns[764]: 58980
@close_ns[760]: 59789
@close_ns[767]: 61191
@close_ns[763]: 61433
@close_ns[766]: 220852
@read_ns[773]: 22017
@read_ns[769]: 23225
@read_ns[770]: 23317
@read_ns[776]: 23528
@read_ns[774]: 23606
@read_ns[778]: 23899
@read_ns[775]: 24374
@read_ns[777]: 24509
@read_ns[772]: 24684
@read_ns[771]: 46368
@write_ns[773]: 47418
@write_ns[779]: 47618
@write_ns[776]: 47776
@write_ns[774]: 48288
@write_ns[771]: 48564
@write_ns[772]: 48900
@write_ns[778]: 48939
@write_ns[777]: 49178
@write_ns[775]: 49346
@write_ns[780]: 49460
@write_ns[781]: 51468
@open_ns[775]: 53708
@open_ns[773]: 53833
@open_ns[771]: 55396
@open_ns[777]: 55604
@open_ns[778]: 55978
@open_ns[779]: 56050
@open_ns[772]: 56148
@open_ns[780]: 56261
@open_ns[776]: 57428
@open_ns[770]: 57912
@open_ns[774]: 58413
@close_ns[772]: 57553
@close_ns[769]: 57902
@close_ns[778]: 58470
@close_ns[777]: 58599
@close_ns[770]: 59255
@close_ns[775]: 59268
@close_ns[776]: 59279
@close_ns[773]: 59506
@close_ns[774]: 60055
@close_ns[771]: 60624
@close_ns[779]: 62436
@read_ns[782]: 23737
@read_ns[787]: 24025
@read_ns[786]: 24148
@read_ns[784]: 24546
@read_ns[781]: 24902
@read_ns[788]: 24984
@read_ns[783]: 25087
@read_ns[785]: 25593
@write_ns[789]: 47771
@write_ns[786]: 47817
@write_ns[787]: 48011
@write_ns[788]: 48186
@write_ns[783]: 48193
@write_ns[785]: 49104
@write_ns[782]: 53230
@write_ns[784]: 54971
@open_ns[785]: 51758
@open_ns[786]: 53633
@open_ns[782]: 54583
@open_ns[787]: 55654
@open_ns[789]: 55873
@open_ns[784]: 57130
@open_ns[788]: 57922
@open_ns[783]: 65896
@open_ns[781]: 73045
@close_ns[782]: 56026
@close_ns[785]: 57261
@close_ns[783]: 58185
@close_ns[787]: 59156
@close_ns[786]: 60075
@close_ns[784]: 60133
@close_ns[780]: 60646
@close_ns[781]: 62704
@close_ns[788]: 65281
@read_ns[791]: 23727
@read_ns[794]: 23737
@read_ns[790]: 24039
@read_ns[798]: 24240
@read_ns[789]: 24548
@read_ns[796]: 24605
@read_ns[793]: 24935
@read_ns[795]: 25184
@read_ns[792]: 25403
@read_ns[797]: 26378
@write_ns[790]: 47310
@write_ns[793]: 48827
@write_ns[791]: 49000
@write_ns[795]: 49246
@write_ns[796]: 49310
@write_ns[798]: 50302
@write_ns[799]: 50926
@write_ns[792]: 51214
@write_ns[797]: 51307
@write_ns[794]: 51595
@open_ns[793]: 52098
@open_ns[795]: 53518
@open_ns[794]: 55028
@open_ns[792]: 55177
@open_ns[790]: 56088
@open_ns[791]: 56288
@open_ns[798]: 56701
@open_ns[796]: 59138
@open_ns[797]: 59198
@close_ns[798]: 57850
@close_ns[793]: 57897
@close_ns[790]: 58328
@close_ns[794]: 58901
@close_ns[792]: 59566
@close_ns[797]: 59702
@close_ns[791]: 60056
@close_ns[795]: 60318
@close_ns[789]: 61731
@close_ns[796]: 62728
@read_ns[808]: 22335
@read_ns[807]: 23872
@read_ns[803]: 24515
@read_ns[802]: 25016
@read_ns[805]: 25429
@read_ns[800]: 25479
@read_ns[806]: 26892
@read_ns[801]: 27489
@read_ns[799]: 28442
@read_ns[804]: 41717
@write_ns[801]: 49020
@write_ns[802]: 49395
@write_ns[803]: 49424
@write_ns[804]: 50150
@write_ns[806]: 51724
@write_ns[808]: 51852
@write_ns[809]: 52005
@write_ns[800]: 53079
@write_ns[805]: 63348
@write_ns[807]: 71658
@open_ns[801]: 53339
@open_ns[800]: 53551
@open_ns[803]: 54075
@open_ns[808]: 55450
@open_ns[804]: 55988
@open_ns[802]: 57002
@open_ns[799]: 57020
@open_ns[807]: 58289
@open_ns[806]: 58926
@open_ns[805]: 62914
@close_ns[806]: 55889
@close_ns[803]: 56410
@close_ns[800]: 57114
@close_ns[802]: 57397
@close_ns[805]: 57715
@close_ns[799]: 59666
@close_ns[804]: 67812
@close_ns[801]: 68343
@close_ns[807]: 71958
@read_ns[814]: 23000
@read_ns[815]: 23730
@read_ns[816]: 23750
@read_ns[817]: 23779
@read_ns[809]: 24245
@read_ns[811]: 25280
@read_ns[813]: 26680
@read_ns[812]: 26936
@read_ns[810]: 35053
@write_ns[817]: 45817
@write_ns[818]: 46190
@write_ns[815]: 46463
@write_ns[819]: 46952
@write_ns[816]: 48076
@write_ns[810]: 53667
@write_ns[814]: 53873
@write_ns[813]: 56694
@write_ns[811]: 60455
@write_ns[812]: 66222
@open_ns[809]: 53488
@open_ns[818]: 54713
@open_ns[814]: 55332
@open_ns[815]: 55983
@open_ns[817]: 55989
@open_ns[810]: 56476
@open_ns[816]: 56625
@open_ns[812]: 65448
@open_ns[811]: 68149
@open_ns[813]: 95902
@close_ns[814]: 55528
@close_ns[815]: 57477
@close_ns[816]: 57985
@close_ns[817]: 58158
@close_ns[808]: 58224
@close_ns[809]: 58410
@close_ns[813]: 59691
@close_ns[811]: 73536
@close_ns[812]: 75206
@close_ns[810]: 85158
@read_ns[820]: 21832
@read_ns[823]: 23296
@read_ns[819]: 23664
@read_ns[822]: 23982
@read_ns[821]: 24535
@read_ns[824]: 24660
@read_ns[818]: 24770
@read_ns[826]: 25081
@read_ns[825]: 25533
@read_ns[827]: 27012
@write_ns[821]: 45515
@write_ns[825]: 45728
@write_ns[820]: 47001
@write_ns[824]: 47451
@write_ns[822]: 47629
@write_ns[828]: 47638
@write_ns[827]: 48763
@write_ns[823]: 49021
@write_ns[826]: 50028
@open_ns[820]: 54300
@open_ns[823]: 54800
@open_ns[824]: 54806
@open_ns[822]: 56009
@open_ns[828]: 56245
@open_ns[819]: 56274
@open_ns[825]: 56648
@open_ns[826]: 57319
@open_ns[821]: 59329
@open_ns[827]: 68275
@close_ns[822]: 56422
@close_ns[824]: 56901
@close_ns[819]: 57698
@close_ns[823]: 58448
@close_ns[826]: 59234
@close_ns[825]: 59494
@close_ns[827]: 59711
@close_ns[821]: 60479
@close_ns[820]: 66947
@close_ns[818]: 71788
@read_ns[829]: 23649
@read_ns[828]: 24044
@read_ns[835]: 24246
@read_ns[834]: 24257
@read_ns[832]: 24561
@read_ns[830]: 24951
@read_ns[831]: 25234
@read_ns[833]: 25652
@read_ns[836]: 26678
@read_ns[837]: 26797
@write_ns[829]: 46889
@write_ns[835]: 47353
@write_ns[831]: 47410
@write_ns[837]: 48257
@write_ns[833]: 48711
@write_ns[832]: 49647
@write_ns[838]: 50236
@write_ns[834]: 51087
@write_ns[836]: 54012
@write_ns[830]: 55290
@open_ns[835]: 53892
@open_ns[830]: 54777
@open_ns[836]: 55162
@open_ns[833]: 56137
@open_ns[832]: 56223
@open_ns[834]: 56244
@open_ns[831]: 57006
@open_ns[837]: 57169
@open_ns[829]: 58604
@close_ns[834]: 57326
@close_ns[830]: 57985
@close_ns[836]: 58686
@close_ns[832]: 58787
@close_ns[829]: 59481
@close_ns[833]: 59600
@close_ns[835]: 60072
@close_ns[837]: 61327
@close_ns[828]: 61337
@close_ns[831]: 61383
@read_ns[842]: 24022
@read_ns[839]: 24412
@read_ns[844]: 24533
@read_ns[841]: 25099
@read_ns[846]: 25314
@read_ns[847]: 25943
@read_ns[845]: 26276
@read_ns[840]: 26435
@read_ns[843]: 26453
@read_ns[838]: 27070
@write_ns[839]: 46779
@write_ns[840]: 47343
@write_ns[845]: 49497
@write_ns[844]: 49503
@write_ns[848]: 49990
@write_ns[846]: 50115
@write_ns[841]: 50861
@write_ns[847]: 51021
@write_ns[843]: 51363
@write_ns[842]: 52585
@open_ns[845]: 51014
@open_ns[842]: 53278
@open_ns[847]: 53532
@open_ns[838]: 53829
@open_ns[844]: 54664
@open_ns[840]: 55715
@open_ns[843]: 55934
@open_ns[841]: 56852
@open_ns[846]: 58932
@open_ns[839]: 59175
@close_ns[844]: 53582
@close_ns[843]: 57239
@close_ns[846]: 57675
@close_ns[842]: 57838
@close_ns[840]: 58099
@close_ns[841]: 58389
@close_ns[838]: 58554
@close_ns[839]: 59015
@close_ns[845]: 59905
@read_ns[855]: 23891
@read_ns[851]: 25236
@read_ns[853]: 25240
@read_ns[849]: 25546
@read_ns[852]: 25568
@read_ns[854]: 26765
@read_ns[856]: 27151
@read_ns[848]: 27164
@read_ns[850]: 27526
@read_ns[857]: 28357
@write_ns[855]: 49635
@write_ns[850]: 50297
@write_ns[851]: 50767
@write_ns[853]: 50808
@write_ns[852]: 51010
@write_ns[854]: 51347
@write_ns[856]: 51458
@write_ns[849]: 51523
@write_ns[857]: 52850
@write_ns[858]: 53403
@open_ns[855]: 53769
@open_ns[854]: 55427
@open_ns[853]: 56091
@open_ns[857]: 56170
@open_ns[851]: 56254
@open_ns[850]: 56390
@open_ns[848]: 56744
@open_ns[852]: 57074
@open_ns[849]: 58187
@open_ns[856]: 60309
@close_ns[847]: 56282
@close_ns[853]: 56770
@close_ns[849]: 57289
@close_ns[848]: 57656
@close_ns[850]: 57755
@close_ns[852]: 58365
@close_ns[855]: 58398
@close_ns[851]: 58891
@close_ns[854]: 59251
@close_ns[856]: 60784
@read_ns[859]: 22725
@read_ns[862]: 23208
@read_ns[863]: 23422
@read_ns[864]: 23953
@read_ns[860]: 23968
@read_ns[865]: 24134
@read_ns[858]: 24237
@read_ns[866]: 24293
@read_ns[861]: 24922
@write_ns[863]: 48755
@write_ns[865]: 49850
@write_ns[859]: 51171
@write_ns[861]: 51961
@write_ns[862]: 52038
@write_ns[864]: 52572
@write_ns[867]: 52984
@write_ns[866]: 52994
@write_ns[868]: 53537
@write_ns[860]: 54437
@open_ns[864]: 55139
@open_ns[861]: 56997
@open_ns[859]: 57150
@open_ns[862]: 57662
@open_ns[860]: 57713
@open_ns[867]: 57880
@open_ns[858]: 58736
@open_ns[866]: 59012
@open_ns[863]: 59830
@open_ns[865]: 61306
@close_ns[857]: 58560
@close_ns[862]: 58563
@close_ns[863]: 59644
@close_ns[858]: 59662
@close_ns[860]: 59863
@close_ns[859]: 60165
@close_ns[864]: 60481
@close_ns[861]: 60849
@close_ns[865]: 60931
@close_ns[866]: 62602
@read_ns[873]: 23761
@read_ns[871]: 24038
@read_ns[876]: 24240
@read_ns[868]: 24808
@read_ns[867]: 24945
@read_ns[872]: 25287
@read_ns[874]: 25652
@read_ns[869]: 25965
@read_ns[875]: 26135
@read_ns[870]: 27567
@write_ns[874]: 46307
@write_ns[875]: 47131
@write_ns[872]: 47805
@write_ns[873]: 48592
@write_ns[876]: 49790
@write_ns[877]: 50111
@write_ns[870]: 51966
@write_ns[869]: 53791
@write_ns[871]: 54910
@open_ns[874]: 54925
@open_ns[870]: 55549
@open_ns[876]: 56372
@open_ns[875]: 56856
@open_ns[877]: 57670
@open_ns[873]: 58169
@open_ns[871]: 58606
@open_ns[872]: 60050
@open_ns[869]: 61383
@open_ns[868]: 62417
@close_ns[874]: 56230
@close_ns[875]: 57250
@close_ns[872]: 57852
@close_ns[873]: 58484
@close_ns[868]: 59185
@close_ns[870]: 59539
@close_ns[876]: 59627
@close_ns[871]: 61600
@close_ns[867]: 61832
@close_ns[869]: 63352
@read_ns[877]: 23904
@read_ns[882]: 24026
@read_ns[878]: 24568
@read_ns[885]: 24872
@read_ns[883]: 25078
@read_ns[881]: 25137
@read_ns[880]: 25148
@read_ns[884]: 25383
@read_ns[879]: 33078
@read_ns[886]: 41705
@write_ns[887]: 45670
@write_ns[881]: 47835
@write_ns[878]: 48781
@write_ns[884]: 49086
@write_ns[880]: 49275
@write_ns[879]: 50599
@write_ns[885]: 52356
@write_ns[883]: 53106
@write_ns[886]: 61879
@write_ns[882]: 72973
@open_ns[885]: 55829
@open_ns[880]: 56195
@open_ns[884]: 56742
@open_ns[879]: 57047
@open_ns[886]: 57119
@open_ns[882]: 57536
@open_ns[883]: 57581
@open_ns[878]: 57669
@open_ns[881]: 57671
@close_ns[880]: 55811
@close_ns[886]: 58109
@close_ns[882]: 59468
@close_ns[878]: 59879
@close_ns[879]: 60094
@close_ns[881]: 60812
@close_ns[884]: 60847
@close_ns[877]: 60876
@close_ns[883]: 61318
@close_ns[885]: 62880
@read_ns[894]: 24225
@read_ns[889]: 24406
@read_ns[888]: 24751
@read_ns[891]: 24867
@read_ns[892]: 25228
@read_ns[893]: 25283
@read_ns[896]: 26311
@read_ns[887]: 26893
@read_ns[895]: 27218
@read_ns[890]: 35168
@write_ns[891]: 48351
@write_ns[888]: 48760
@write_ns[892]: 49042
@write_ns[890]: 49124
@write_ns[894]: 49206
@write_ns[889]: 49460
@write_ns[897]: 50438
@write_ns[893]: 50952
@write_ns[896]: 51952
@write_ns[895]: 51958
@open_ns[890]: 54914
@open_ns[896]: 55527
@open_ns[894]: 56841
@open_ns[893]: 57418
@open_ns[891]: 57527
@open_ns[888]: 57795
@open_ns[889]: 58005
@open_ns[892]: 58253
@open_ns[887]: 58987
@open_ns[895]: 65052
@close_ns[888]: 57805
@close_ns[890]: 58220
@close_ns[892]: 58310
@close_ns[891]: 59481
@close_ns[887]: 59656
@close_ns[895]: 61628
@close_ns[894]: 62352
@close_ns[893]: 66286
@close_ns[889]: 67480
@read_ns[898]: 24175
@read_ns[905]: 24422
@read_ns[900]: 25105
@read_ns[899]: 25568
@read_ns[897]: 26746
@read_ns[904]: 28568
@read_ns[902]: 29670
@read_ns[903]: 30001
@read_ns[901]: 36487
@write_ns[899]: 49741
@write_ns[901]: 50393
@write_ns[900]: 50743
@write_ns[907]: 51224
@write_ns[906]: 51705
@write_ns[898]: 51904
@write_ns[902]: 52997
@write_ns[904]: 60408
@write_ns[903]: 64579
@write_ns[905]: 67414
@open_ns[900]: 56000
@open_ns[901]: 56440
@open_ns[899]: 56818
@open_ns[897]: 57063
@open_ns[898]: 57267
@open_ns[906]: 58709
@open_ns[905]: 68788
@open_ns[902]: 73638
@open_ns[903]: 76474
@open_ns[904]: 78162
@close_ns[900]: 56479
@close_ns[898]: 56858
@close_ns[896]: 57140
@close_ns[897]: 58756
@close_ns[899]: 59092
@close_ns[903]: 68159
@close_ns[905]: 71826
@close_ns[904]: 73177
@close_ns[901]: 73441
@close_ns[902]: 74769
@read_ns[910]: 22555
@read_ns[908]: 22923
@read_ns[914]: 23081
@read_ns[909]: 23225
@read_ns[912]: 23686
@read_ns[907]: 23857
@read_ns[911]: 24032
@read_ns[913]: 24387
@read_ns[915]: 25811
@read_ns[906]: 34987
@write_ns[913]: 49929
@write_ns[911]: 50100
@write_ns[916]: 51072
@write_ns[910]: 51429
@write_ns[914]: 51685
@write_ns[912]: 52080
@write_ns[915]: 52267
@write_ns[909]: 60217
@write_ns[908]: 66523
@open_ns[910]: 54452
@open_ns[911]: 55803
@open_ns[908]: 56225
@open_ns[914]: 57475
@open_ns[909]: 57600
@open_ns[916]: 57867
@open_ns[912]: 58706
@open_ns[915]: 59439
@open_ns[913]: 59934
@open_ns[907]: 82718
@close_ns[906]: 56122
@close_ns[910]: 58106
@close_ns[908]: 58333
@close_ns[909]: 58959
@close_ns[907]: 59215
@close_ns[911]: 59371
@close_ns[912]: 60609
@close_ns[915]: 60989
@close_ns[914]: 62008
@close_ns[913]: 65245
@read_ns[922]: 23121
@read_ns[916]: 23710
@read_ns[921]: 23776
@read_ns[923]: 24217
@read_ns[917]: 24261
@read_ns[918]: 24586
@read_ns[925]: 24687
@read_ns[920]: 24805
@read_ns[924]: 24919
@read_ns[919]: 30041
@write_ns[917]: 43584
@write_ns[921]: 45776
@write_ns[924]: 46633
@write_ns[923]: 47229
@write_ns[925]: 47247
@write_ns[922]: 47849
@write_ns[919]: 48124
@write_ns[926]: 48131
@write_ns[920]: 48617
@write_ns[918]: 49841
@open_ns[920]: 52834
@open_ns[923]: 56449
@open_ns[922]: 56460
@open_ns[918]: 56667
@open_ns[924]: 57514
@open_ns[919]: 58783
@open_ns[921]: 60157
@open_ns[925]: 60596
@open_ns[917]: 106553
@close_ns[920]: 56179
@close_ns[925]: 58133
@close_ns[921]: 58536
@close_ns[922]: 58713
@close_ns[916]: 59542
@close_ns[918]: 59590
@close_ns[919]: 62460
@close_ns[923]: 63286
@close_ns[924]: 65370
@close_ns[917]: 72597
@read_ns[935]: 23518
@read_ns[927]: 24606
@read_ns[928]: 24687
@read_ns[929]: 24746
@read_ns[926]: 25067
@read_ns[933]: 25356
@read_ns[932]: 26215
@read_ns[931]: 26485
@read_ns[930]: 27036
@read_ns[934]: 27625
@write_ns[934]: 47393
@write_ns[930]: 48473
@write_ns[931]: 48639
@write_ns[927]: 48957
@write_ns[929]: 48978
@write_ns[932]: 49466
@write_ns[935]: 50425
@write_ns[928]: 51099
@write_ns[933]: 51249
@write_ns[936]: 52607
@open_ns[926]: 52672
@open_ns[934]: 53369
@open_ns[932]: 54386
@open_ns[927]: 55068
@open_ns[928]: 55541
@open_ns[930]: 55960
@open_ns[931]: 56628
@open_ns[929]: 57286
@open_ns[933]: 57350
@open_ns[935]: 58744
@close_ns[933]: 55028
@close_ns[928]: 58483
@close_ns[929]: 59225
@close_ns[926]: 59614
@close_ns[927]: 59807
@close_ns[932]: 60471
@close_ns[935]: 60905
@close_ns[931]: 61085
@close_ns[930]: 62618
@close_ns[934]: 63877
@read_ns[942]: 23941
@read_ns[945]: 24365
@read_ns[940]: 24488
@read_ns[941]: 24698
@read_ns[937]: 25096
@read_ns[939]: 25597
@read_ns[938]: 25756
@read_ns[944]: 27501
@read_ns[936]: 29055
@read_ns[943]: 29727
@write_ns[937]: 49904
@write_ns[943]: 49985
@write_ns[940]: 50131
@write_ns[938]: 50792
@write_ns[941]: 50807
@write_ns[945]: 51108
@write_ns[944]: 51661
@write_ns[942]: 51743
@write_ns[939]: 51970
@write_ns[946]: 52747
@open_ns[940]: 53374
@open_ns[943]: 54170
@open_ns[938]: 54865
@open_ns[942]: 55425
@open_ns[936]: 56260
@open_ns[941]: 56585
@open_ns[937]: 57310
@open_ns[939]: 58278
@open_ns[944]: 58366
@open_ns[945]: 62106
@close_ns[942]: 56568
@close_ns[939]: 57464
@close_ns[938]: 57611
@close_ns[937]: 58422
@close_ns[941]: 58759
@close_ns[936]: 59708
@close_ns[940]: 60222
@close_ns[943]: 60631
@close_ns[944]: 61245
@read_ns[948]: 23891
@read_ns[949]: 24468
@read_ns[947]: 24903
@read_ns[946]: 25358
@read_ns[950]: 25408
@read_ns[952]: 25809
@read_ns[951]: 26002
@read_ns[953]: 26248
@read_ns[954]: 26702
@write_ns[952]: 49285
@write_ns[951]: 49947
@write_ns[948]: 50026
@write_ns[954]: 50605
@write_ns[949]: 50791
@write_ns[950]: 51487
@write_ns[953]: 52123
@write_ns[955]: 54763
@write_ns[947]: 55568
@write_ns[956]: 62692
@open_ns[948]: 54563
@open_ns[950]: 54657
@open_ns[946]: 56126
@open_ns[949]: 56695
@open_ns[954]: 56742
@open_ns[953]: 57522
@open_ns[952]: 58219
@open_ns[951]: 58394
@open_ns[947]: 59008
@open_ns[955]: 59238
@close_ns[952]: 56414
@close_ns[949]: 57191
@close_ns[947]: 57469
@close_ns[948]: 57535
@close_ns[950]: 57817
@close_ns[953]: 58090
@close_ns[951]: 59050
@close_ns[945]: 59628
@close_ns[954]: 59682
@close_ns[946]: 64420
@read_ns[955]: 23006
@read_ns[963]: 24117
@read_ns[964]: 24533
@read_ns[961]: 24708
@read_ns[960]: 25716
@read_ns[957]: 25920
@read_ns[958]: 25994
@read_ns[956]: 26850
@read_ns[962]: 33587
@read_ns[959]: 36569
@write_ns[959]: 49968
@write_ns[961]: 50480
@write_ns[958]: 50480
@write_ns[957]: 50866
@write_ns[962]: 51693
@write_ns[964]: 52254
@write_ns[960]: 52556
@write_ns[965]: 53080
@write_ns[963]: 55114
@open_ns[960]: 54534
@open_ns[962]: 55199
@open_ns[958]: 57226
@open_ns[965]: 57731
@open_ns[964]: 58025
@open_ns[963]: 58889
@open_ns[956]: 59672
@open_ns[959]: 60042
@open_ns[957]: 65429
@open_ns[961]: 66073
@close_ns[957]: 57719
@close_ns[955]: 57915
@close_ns[963]: 58727
@close_ns[956]: 58747
@close_ns[961]: 59822
@close_ns[964]: 59909
@close_ns[962]: 60271
@close_ns[960]: 60313
@close_ns[958]: 61464
@close_ns[959]: 76917
@read_ns[969]: 22776
@read_ns[965]: 22880
@read_ns[966]: 23002
@read_ns[967]: 23190
@read_ns[971]: 23239
@read_ns[974]: 23808
@read_ns[973]: 23917
@read_ns[970]: 23958
@read_ns[968]: 24661
@read_ns[972]: 25530
@write_ns[966]: 40936
@write_ns[969]: 49894
@write_ns[970]: 50116
@write_ns[975]: 50258
@write_ns[973]: 50592
@write_ns[971]: 50883
@write_ns[972]: 51400
@write_ns[968]: 52245
@write_ns[967]: 52462
@write_ns[974]: 52990
@open_ns[974]: 56321
@open_ns[971]: 57364
@open_ns[968]: 57495
@open_ns[972]: 57533
@open_ns[973]: 57569
@open_ns[966]: 58435
@open_ns[967]: 59860
@open_ns[970]: 60089
@open_ns[975]: 63012
@open_ns[969]: 64602
@close_ns[968]: 58006
@close_ns[965]: 58639
@close_ns[967]: 59027
@close_ns[972]: 59081
@close_ns[970]: 59303
@close_ns[974]: 61132
@close_ns[973]: 61209
@close_ns[971]: 61304
@close_ns[969]: 63164
@close_ns[966]: 64619
@read_ns[975]: 21813
@read_ns[978]: 23412
@read_ns[980]: 23657
@read_ns[976]: 23776
@read_ns[979]: 24098
@read_ns[983]: 24454
@read_ns[981]: 24807
@read_ns[982]: 24983
@read_ns[984]: 26154
@read_ns[977]: 27487
@write_ns[979]: 46372
@write_ns[980]: 47350
@write_ns[981]: 47354
@write_ns[982]: 48524
@write_ns[978]: 48924
@write_ns[984]: 49529
@write_ns[983]: 49649
@write_ns[977]: 49850
@write_ns[976]: 49868
@write_ns[985]: 52674
@open_ns[980]: 54527
@open_ns[981]: 55707
@open_ns[978]: 56973
@open_ns[982]: 57126
@open_ns[979]: 57459
@open_ns[983]: 58086
@open_ns[977]: 59302
@open_ns[976]: 60209
@open_ns[984]: 61277
@close_ns[980]: 56305
@close_ns[979]: 56606
@close_ns[976]: 58772
@close_ns[982]: 58844
@close_ns[983]: 59266
@close_ns[978]: 59341
@close_ns[981]: 60566
@close_ns[977]: 62363
@close_ns[975]: 64631
@close_ns[984]: 93985
@read_ns[988]: 24823
@read_ns[989]: 24972
@read_ns[986]: 25600
@read_ns[991]: 26296
@read_ns[987]: 26666
@read_ns[990]: 26761
@read_ns[992]: 27067
@read_ns[985]: 27117
@read_ns[993]: 27319
@read_ns[994]: 27527
@write_ns[987]: 49594
@write_ns[991]: 49639
@write_ns[988]: 49660
@write_ns[993]: 50019
@write_ns[994]: 50266
@write_ns[990]: 50459
@write_ns[989]: 50689
@write_ns[992]: 51809
@write_ns[995]: 55749
@write_ns[986]: 56218
@open_ns[992]: 53975
@open_ns[989]: 54188
@open_ns[987]: 55180
@open_ns[988]: 55251
@open_ns[991]: 55290
@open_ns[990]: 55890
@open_ns[993]: 56512
@open_ns[994]: 56922
@open_ns[986]: 59011
@open_ns[985]: 68489
@close_ns[990]: 57648
@close_ns[991]: 57857
@close_ns[988]: 57975
@close_ns[986]: 57989
@close_ns[987]: 58171
@close_ns[989]: 58884
@close_ns[993]: 59532
@close_ns[992]: 59553
@close_ns[985]: 64820
@read_ns[998]: 25016
@read_ns[1000]: 25385
@read_ns[997]: 26068
@read_ns[999]: 26429
@read_ns[996]: 27423
@read_ns[1003]: 27758
@read_ns[1001]: 37434
@read_ns[1002]: 37570
@read_ns[995]: 42643
@write_ns[999]: 49170
@write_ns[1001]: 49188
@write_ns[998]: 50697
@write_ns[997]: 51883
@write_ns[1000]: 52003
@write_ns[1005]: 56172
@write_ns[1004]: 59109
@write_ns[996]: 62341
@write_ns[1003]: 66171
@write_ns[1002]: 70827
@open_ns[996]: 55310
@open_ns[1000]: 55410
@open_ns[999]: 55546
@open_ns[998]: 56367
@open_ns[997]: 56421
@open_ns[1001]: 56734
@open_ns[995]: 59240
@open_ns[1004]: 65280
@open_ns[1002]: 66391
@open_ns[1003]: 66749
@close_ns[994]: 57453
@close_ns[996]: 58001
@close_ns[998]: 58246
@close_ns[1000]: 58485
@close_ns[997]: 59037
@close_ns[995]: 60208
@close_ns[999]: 61469
@close_ns[1001]: 68782
@close_ns[1002]: 76155
@close_ns[1003]: 79682
@read_ns[1006]: 23118
@read_ns[1008]: 23963
@read_ns[1007]: 24160
@read_ns[1011]: 24336
@read_ns[1009]: 24337
@read_ns[1013]: 24788
@read_ns[1010]: 24989
@read_ns[1005]: 25559
@read_ns[1012]: 33922
@read_ns[1004]: 36671
@write_ns[1009]: 47795
@write_ns[1014]: 48272
@write_ns[1007]: 48923
@write_ns[1013]: 49074
@write_ns[1011]: 49306
@write_ns[1008]: 49470
@write_ns[1012]: 49961
@write_ns[1010]: 52715
@write_ns[1006]: 56500
@open_ns[1008]: 55628
@open_ns[1009]: 56080
@open_ns[1010]: 56242
@open_ns[1013]: 56252
@open_ns[1011]: 57096
@open_ns[1007]: 58643
@open_ns[1012]: 59364
@open_ns[1006]: 59603
@open_ns[1014]: 60021
@open_ns[1005]: 74578
@close_ns[1007]: 56377
@close_ns[1009]: 56635
@close_ns[1011]: 58477
@close_ns[1006]: 59334
@close_ns[1010]: 59472
@close_ns[1012]: 59629
@close_ns[1005]: 60519
@close_ns[1008]: 61544
@close_ns[1013]: 63014
@close_ns[1004]: 79717
@read_ns[1015]: 22829
@read_ns[1014]: 22955
@read_ns[1017]: 23603
@read_ns[1016]: 23867
@read_ns[1020]: 24589
@read_ns[1021]: 25442
@read_ns[1022]: 25812
@read_ns[1019]: 25961
@read_ns[1018]: 33366
@read_ns[1023]: 45914
@write_ns[1015]: 47528
@write_ns[1016]: 48219
@write_ns[1017]: 48959
@write_ns[1021]: 49554
@write_ns[1018]: 50454
@write_ns[1022]: 51014
@write_ns[1020]: 51238
@write_ns[1023]: 52767
@write_ns[1024]: 53525
@write_ns[1019]: 56873
@open_ns[1018]: 54106
@open_ns[1016]: 54172
@open_ns[1015]: 56910
@open_ns[1017]: 57070
@open_ns[1019]: 60160
@open_ns[1021]: 61539
@open_ns[1020]: 61817
@open_ns[1023]: 62795
@open_ns[1022]: 69281
@close_ns[1017]: 54336
@close_ns[1015]: 54461
@close_ns[1016]: 58854
@close_ns[1018]: 60124
@close_ns[1014]: 60898
@close_ns[1021]: 63087
@close_ns[1020]: 63122
@close_ns[1019]: 66338
@close_ns[1022]: 66688
@close_ns[1023]: 67426


@close_ns[1024]: 79332
@event_count[read]: 1024
@event_count[open]: 1024
@event_count[close]: 1024
@event_count[write]: 1025

@open_ns[1024]: 64765
@read_ns[1024]: 28353
@write_ns[1025]: 51919
